full path       creation date       file size
/opt/test/nnnm_020326 - Mon Mar  2 12:48:57 EST 2026
/opt/test/nmmm_020326 - Mon Mar  2 12:48:57 EST 2026
/opt/test/nnnnm_020326 - Mon Mar  2 12:48:57 EST 2026
/opt/test/nmmmm_020326 - Mon Mar  2 12:48:57 EST 2026
/opt/test/nnnm_020326/aaaz_020326.az  -  Mon Mar  2 12:48:57 EST 2026  -  3KB 
/opt/test/nnnm_020326/azzz_020326.az  -  Mon Mar  2 12:48:57 EST 2026  -  3KB 
/opt/test/nnnm_020326/aaaaz_020326.az  -  Mon Mar  2 12:48:57 EST 2026  -  3KB 
/opt/test/nnnm_020326/azzzz_020326.az  -  Mon Mar  2 12:48:57 EST 2026  -  3KB 
/opt/test/nnnm_020326/aaaaaz_020326.az  -  Mon Mar  2 12:48:57 EST 2026  -  3KB 
/opt/test/nmmm_020326/aaaz_020326.az  -  Mon Mar  2 12:48:57 EST 2026  -  3KB 
/opt/test/nmmm_020326/azzz_020326.az  -  Mon Mar  2 12:48:57 EST 2026  -  3KB 
/opt/test/nmmm_020326/aaaaz_020326.az  -  Mon Mar  2 12:48:57 EST 2026  -  3KB 
/opt/test/nmmm_020326/azzzz_020326.az  -  Mon Mar  2 12:48:57 EST 2026  -  3KB 
/opt/test/nmmm_020326/aaaaaz_020326.az  -  Mon Mar  2 12:48:57 EST 2026  -  3KB 
/opt/test/nnnnm_020326/aaaz_020326.az  -  Mon Mar  2 12:48:57 EST 2026  -  3KB 
/opt/test/nnnnm_020326/azzz_020326.az  -  Mon Mar  2 12:48:57 EST 2026  -  3KB 
/opt/test/nnnnm_020326/aaaaz_020326.az  -  Mon Mar  2 12:48:57 EST 2026  -  3KB 
/opt/test/nnnnm_020326/azzzz_020326.az  -  Mon Mar  2 12:48:57 EST 2026  -  3KB 
/opt/test/nnnnm_020326/aaaaaz_020326.az  -  Mon Mar  2 12:48:57 EST 2026  -  3KB 
/opt/test/nmmmm_020326/aaaz_020326.az  -  Mon Mar  2 12:48:57 EST 2026  -  3KB 
/opt/test/nmmmm_020326/azzz_020326.az  -  Mon Mar  2 12:48:57 EST 2026  -  3KB 
/opt/test/nmmmm_020326/aaaaz_020326.az  -  Mon Mar  2 12:48:57 EST 2026  -  3KB 
/opt/test/nmmmm_020326/azzzz_020326.az  -  Mon Mar  2 12:48:57 EST 2026  -  3KB 
/opt/test/nmmmm_020326/aaaaaz_020326.az  -  Mon Mar  2 12:48:57 EST 2026  -  3KB 
