full path       creation date       file size
/opt/test/nnnnnnnnnnm_020326 - Mon Mar  2 13:03:14 EST 2026
/opt/test/nmmmmmmmmmm_020326 - Mon Mar  2 13:03:14 EST 2026
/opt/test/nnnnnnnnnnnm_020326 - Mon Mar  2 13:03:14 EST 2026
/opt/test/nmmmmmmmmmmm_020326 - Mon Mar  2 13:03:14 EST 2026
/opt/test/nnnnnnnnnnnnm_020326 - Mon Mar  2 13:03:14 EST 2026
/opt/test/nmmmmmmmmmmmm_020326 - Mon Mar  2 13:03:14 EST 2026
/opt/test/nnnnnnnnnnnnnm_020326 - Mon Mar  2 13:03:14 EST 2026
/opt/test/nmmmmmmmmmmmmm_020326 - Mon Mar  2 13:03:14 EST 2026
/opt/test/nnnnnnnnnnnnnnm_020326 - Mon Mar  2 13:03:14 EST 2026
/opt/test/nmmmmmmmmmmmmmm_020326 - Mon Mar  2 13:03:14 EST 2026
/opt/test/nnnnnnnnnnm_020326/aaaz_020326.az  -  Mon Mar  2 13:03:14 EST 2026  -  10KB 
/opt/test/nnnnnnnnnnm_020326/azzz_020326.az  -  Mon Mar  2 13:03:14 EST 2026  -  10KB 
/opt/test/nnnnnnnnnnm_020326/aaaaz_020326.az  -  Mon Mar  2 13:03:14 EST 2026  -  10KB 
/opt/test/nnnnnnnnnnm_020326/azzzz_020326.az  -  Mon Mar  2 13:03:14 EST 2026  -  10KB 
/opt/test/nnnnnnnnnnm_020326/aaaaaz_020326.az  -  Mon Mar  2 13:03:14 EST 2026  -  10KB 
/opt/test/nnnnnnnnnnm_020326/azzzzz_020326.az  -  Mon Mar  2 13:03:14 EST 2026  -  10KB 
/opt/test/nnnnnnnnnnm_020326/aaaaaaz_020326.az  -  Mon Mar  2 13:03:14 EST 2026  -  10KB 
/opt/test/nnnnnnnnnnm_020326/azzzzzz_020326.az  -  Mon Mar  2 13:03:14 EST 2026  -  10KB 
/opt/test/nnnnnnnnnnm_020326/aaaaaaaz_020326.az  -  Mon Mar  2 13:03:14 EST 2026  -  10KB 
/opt/test/nnnnnnnnnnm_020326/azzzzzzz_020326.az  -  Mon Mar  2 13:03:14 EST 2026  -  10KB 
/opt/test/nmmmmmmmmmm_020326/aaaz_020326.az  -  Mon Mar  2 13:03:14 EST 2026  -  10KB 
/opt/test/nmmmmmmmmmm_020326/azzz_020326.az  -  Mon Mar  2 13:03:14 EST 2026  -  10KB 
/opt/test/nmmmmmmmmmm_020326/aaaaz_020326.az  -  Mon Mar  2 13:03:14 EST 2026  -  10KB 
/opt/test/nmmmmmmmmmm_020326/azzzz_020326.az  -  Mon Mar  2 13:03:14 EST 2026  -  10KB 
/opt/test/nmmmmmmmmmm_020326/aaaaaz_020326.az  -  Mon Mar  2 13:03:14 EST 2026  -  10KB 
/opt/test/nmmmmmmmmmm_020326/azzzzz_020326.az  -  Mon Mar  2 13:03:14 EST 2026  -  10KB 
/opt/test/nmmmmmmmmmm_020326/aaaaaaz_020326.az  -  Mon Mar  2 13:03:14 EST 2026  -  10KB 
/opt/test/nmmmmmmmmmm_020326/azzzzzz_020326.az  -  Mon Mar  2 13:03:14 EST 2026  -  10KB 
/opt/test/nmmmmmmmmmm_020326/aaaaaaaz_020326.az  -  Mon Mar  2 13:03:14 EST 2026  -  10KB 
/opt/test/nmmmmmmmmmm_020326/azzzzzzz_020326.az  -  Mon Mar  2 13:03:14 EST 2026  -  10KB 
/opt/test/nnnnnnnnnnnm_020326/aaaz_020326.az  -  Mon Mar  2 13:03:14 EST 2026  -  10KB 
/opt/test/nnnnnnnnnnnm_020326/azzz_020326.az  -  Mon Mar  2 13:03:14 EST 2026  -  10KB 
/opt/test/nnnnnnnnnnnm_020326/aaaaz_020326.az  -  Mon Mar  2 13:03:14 EST 2026  -  10KB 
/opt/test/nnnnnnnnnnnm_020326/azzzz_020326.az  -  Mon Mar  2 13:03:14 EST 2026  -  10KB 
/opt/test/nnnnnnnnnnnm_020326/aaaaaz_020326.az  -  Mon Mar  2 13:03:14 EST 2026  -  10KB 
/opt/test/nnnnnnnnnnnm_020326/azzzzz_020326.az  -  Mon Mar  2 13:03:14 EST 2026  -  10KB 
/opt/test/nnnnnnnnnnnm_020326/aaaaaaz_020326.az  -  Mon Mar  2 13:03:14 EST 2026  -  10KB 
/opt/test/nnnnnnnnnnnm_020326/azzzzzz_020326.az  -  Mon Mar  2 13:03:14 EST 2026  -  10KB 
/opt/test/nnnnnnnnnnnm_020326/aaaaaaaz_020326.az  -  Mon Mar  2 13:03:14 EST 2026  -  10KB 
/opt/test/nnnnnnnnnnnm_020326/azzzzzzz_020326.az  -  Mon Mar  2 13:03:14 EST 2026  -  10KB 
/opt/test/nmmmmmmmmmmm_020326/aaaz_020326.az  -  Mon Mar  2 13:03:14 EST 2026  -  10KB 
/opt/test/nmmmmmmmmmmm_020326/azzz_020326.az  -  Mon Mar  2 13:03:14 EST 2026  -  10KB 
/opt/test/nmmmmmmmmmmm_020326/aaaaz_020326.az  -  Mon Mar  2 13:03:14 EST 2026  -  10KB 
/opt/test/nmmmmmmmmmmm_020326/azzzz_020326.az  -  Mon Mar  2 13:03:14 EST 2026  -  10KB 
/opt/test/nmmmmmmmmmmm_020326/aaaaaz_020326.az  -  Mon Mar  2 13:03:14 EST 2026  -  10KB 
/opt/test/nmmmmmmmmmmm_020326/azzzzz_020326.az  -  Mon Mar  2 13:03:14 EST 2026  -  10KB 
/opt/test/nmmmmmmmmmmm_020326/aaaaaaz_020326.az  -  Mon Mar  2 13:03:14 EST 2026  -  10KB 
/opt/test/nmmmmmmmmmmm_020326/azzzzzz_020326.az  -  Mon Mar  2 13:03:14 EST 2026  -  10KB 
/opt/test/nmmmmmmmmmmm_020326/aaaaaaaz_020326.az  -  Mon Mar  2 13:03:14 EST 2026  -  10KB 
/opt/test/nmmmmmmmmmmm_020326/azzzzzzz_020326.az  -  Mon Mar  2 13:03:14 EST 2026  -  10KB 
/opt/test/nnnnnnnnnnnnm_020326/aaaz_020326.az  -  Mon Mar  2 13:03:14 EST 2026  -  10KB 
/opt/test/nnnnnnnnnnnnm_020326/azzz_020326.az  -  Mon Mar  2 13:03:14 EST 2026  -  10KB 
/opt/test/nnnnnnnnnnnnm_020326/aaaaz_020326.az  -  Mon Mar  2 13:03:14 EST 2026  -  10KB 
/opt/test/nnnnnnnnnnnnm_020326/azzzz_020326.az  -  Mon Mar  2 13:03:14 EST 2026  -  10KB 
/opt/test/nnnnnnnnnnnnm_020326/aaaaaz_020326.az  -  Mon Mar  2 13:03:14 EST 2026  -  10KB 
/opt/test/nnnnnnnnnnnnm_020326/azzzzz_020326.az  -  Mon Mar  2 13:03:14 EST 2026  -  10KB 
/opt/test/nnnnnnnnnnnnm_020326/aaaaaaz_020326.az  -  Mon Mar  2 13:03:14 EST 2026  -  10KB 
/opt/test/nnnnnnnnnnnnm_020326/azzzzzz_020326.az  -  Mon Mar  2 13:03:14 EST 2026  -  10KB 
/opt/test/nnnnnnnnnnnnm_020326/aaaaaaaz_020326.az  -  Mon Mar  2 13:03:14 EST 2026  -  10KB 
/opt/test/nnnnnnnnnnnnm_020326/azzzzzzz_020326.az  -  Mon Mar  2 13:03:14 EST 2026  -  10KB 
/opt/test/nmmmmmmmmmmmm_020326/aaaz_020326.az  -  Mon Mar  2 13:03:14 EST 2026  -  10KB 
/opt/test/nmmmmmmmmmmmm_020326/azzz_020326.az  -  Mon Mar  2 13:03:14 EST 2026  -  10KB 
/opt/test/nmmmmmmmmmmmm_020326/aaaaz_020326.az  -  Mon Mar  2 13:03:14 EST 2026  -  10KB 
/opt/test/nmmmmmmmmmmmm_020326/azzzz_020326.az  -  Mon Mar  2 13:03:14 EST 2026  -  10KB 
/opt/test/nmmmmmmmmmmmm_020326/aaaaaz_020326.az  -  Mon Mar  2 13:03:14 EST 2026  -  10KB 
/opt/test/nmmmmmmmmmmmm_020326/azzzzz_020326.az  -  Mon Mar  2 13:03:14 EST 2026  -  10KB 
/opt/test/nmmmmmmmmmmmm_020326/aaaaaaz_020326.az  -  Mon Mar  2 13:03:14 EST 2026  -  10KB 
/opt/test/nmmmmmmmmmmmm_020326/azzzzzz_020326.az  -  Mon Mar  2 13:03:14 EST 2026  -  10KB 
/opt/test/nmmmmmmmmmmmm_020326/aaaaaaaz_020326.az  -  Mon Mar  2 13:03:14 EST 2026  -  10KB 
/opt/test/nmmmmmmmmmmmm_020326/azzzzzzz_020326.az  -  Mon Mar  2 13:03:14 EST 2026  -  10KB 
/opt/test/nnnnnnnnnnnnnm_020326/aaaz_020326.az  -  Mon Mar  2 13:03:14 EST 2026  -  10KB 
/opt/test/nnnnnnnnnnnnnm_020326/azzz_020326.az  -  Mon Mar  2 13:03:14 EST 2026  -  10KB 
/opt/test/nnnnnnnnnnnnnm_020326/aaaaz_020326.az  -  Mon Mar  2 13:03:14 EST 2026  -  10KB 
/opt/test/nnnnnnnnnnnnnm_020326/azzzz_020326.az  -  Mon Mar  2 13:03:14 EST 2026  -  10KB 
/opt/test/nnnnnnnnnnnnnm_020326/aaaaaz_020326.az  -  Mon Mar  2 13:03:14 EST 2026  -  10KB 
/opt/test/nnnnnnnnnnnnnm_020326/azzzzz_020326.az  -  Mon Mar  2 13:03:15 EST 2026  -  10KB 
/opt/test/nnnnnnnnnnnnnm_020326/aaaaaaz_020326.az  -  Mon Mar  2 13:03:15 EST 2026  -  10KB 
/opt/test/nnnnnnnnnnnnnm_020326/azzzzzz_020326.az  -  Mon Mar  2 13:03:15 EST 2026  -  10KB 
/opt/test/nnnnnnnnnnnnnm_020326/aaaaaaaz_020326.az  -  Mon Mar  2 13:03:15 EST 2026  -  10KB 
/opt/test/nnnnnnnnnnnnnm_020326/azzzzzzz_020326.az  -  Mon Mar  2 13:03:15 EST 2026  -  10KB 
/opt/test/nmmmmmmmmmmmmm_020326/aaaz_020326.az  -  Mon Mar  2 13:03:15 EST 2026  -  10KB 
/opt/test/nmmmmmmmmmmmmm_020326/azzz_020326.az  -  Mon Mar  2 13:03:15 EST 2026  -  10KB 
/opt/test/nmmmmmmmmmmmmm_020326/aaaaz_020326.az  -  Mon Mar  2 13:03:15 EST 2026  -  10KB 
/opt/test/nmmmmmmmmmmmmm_020326/azzzz_020326.az  -  Mon Mar  2 13:03:15 EST 2026  -  10KB 
/opt/test/nmmmmmmmmmmmmm_020326/aaaaaz_020326.az  -  Mon Mar  2 13:03:15 EST 2026  -  10KB 
/opt/test/nmmmmmmmmmmmmm_020326/azzzzz_020326.az  -  Mon Mar  2 13:03:15 EST 2026  -  10KB 
/opt/test/nmmmmmmmmmmmmm_020326/aaaaaaz_020326.az  -  Mon Mar  2 13:03:15 EST 2026  -  10KB 
/opt/test/nmmmmmmmmmmmmm_020326/azzzzzz_020326.az  -  Mon Mar  2 13:03:15 EST 2026  -  10KB 
/opt/test/nmmmmmmmmmmmmm_020326/aaaaaaaz_020326.az  -  Mon Mar  2 13:03:15 EST 2026  -  10KB 
/opt/test/nmmmmmmmmmmmmm_020326/azzzzzzz_020326.az  -  Mon Mar  2 13:03:15 EST 2026  -  10KB 
/opt/test/nnnnnnnnnnnnnnm_020326/aaaz_020326.az  -  Mon Mar  2 13:03:15 EST 2026  -  10KB 
/opt/test/nnnnnnnnnnnnnnm_020326/azzz_020326.az  -  Mon Mar  2 13:03:15 EST 2026  -  10KB 
/opt/test/nnnnnnnnnnnnnnm_020326/aaaaz_020326.az  -  Mon Mar  2 13:03:15 EST 2026  -  10KB 
/opt/test/nnnnnnnnnnnnnnm_020326/azzzz_020326.az  -  Mon Mar  2 13:03:15 EST 2026  -  10KB 
/opt/test/nnnnnnnnnnnnnnm_020326/aaaaaz_020326.az  -  Mon Mar  2 13:03:15 EST 2026  -  10KB 
/opt/test/nnnnnnnnnnnnnnm_020326/azzzzz_020326.az  -  Mon Mar  2 13:03:15 EST 2026  -  10KB 
/opt/test/nnnnnnnnnnnnnnm_020326/aaaaaaz_020326.az  -  Mon Mar  2 13:03:15 EST 2026  -  10KB 
/opt/test/nnnnnnnnnnnnnnm_020326/azzzzzz_020326.az  -  Mon Mar  2 13:03:15 EST 2026  -  10KB 
/opt/test/nnnnnnnnnnnnnnm_020326/aaaaaaaz_020326.az  -  Mon Mar  2 13:03:15 EST 2026  -  10KB 
/opt/test/nnnnnnnnnnnnnnm_020326/azzzzzzz_020326.az  -  Mon Mar  2 13:03:15 EST 2026  -  10KB 
/opt/test/nmmmmmmmmmmmmmm_020326/aaaz_020326.az  -  Mon Mar  2 13:03:15 EST 2026  -  10KB 
/opt/test/nmmmmmmmmmmmmmm_020326/azzz_020326.az  -  Mon Mar  2 13:03:15 EST 2026  -  10KB 
/opt/test/nmmmmmmmmmmmmmm_020326/aaaaz_020326.az  -  Mon Mar  2 13:03:15 EST 2026  -  10KB 
/opt/test/nmmmmmmmmmmmmmm_020326/azzzz_020326.az  -  Mon Mar  2 13:03:15 EST 2026  -  10KB 
/opt/test/nmmmmmmmmmmmmmm_020326/aaaaaz_020326.az  -  Mon Mar  2 13:03:15 EST 2026  -  10KB 
/opt/test/nmmmmmmmmmmmmmm_020326/azzzzz_020326.az  -  Mon Mar  2 13:03:15 EST 2026  -  10KB 
/opt/test/nmmmmmmmmmmmmmm_020326/aaaaaaz_020326.az  -  Mon Mar  2 13:03:15 EST 2026  -  10KB 
/opt/test/nmmmmmmmmmmmmmm_020326/azzzzzz_020326.az  -  Mon Mar  2 13:03:15 EST 2026  -  10KB 
/opt/test/nmmmmmmmmmmmmmm_020326/aaaaaaaz_020326.az  -  Mon Mar  2 13:03:15 EST 2026  -  10KB 
/opt/test/nmmmmmmmmmmmmmm_020326/azzzzzzz_020326.az  -  Mon Mar  2 13:03:15 EST 2026  -  10KB 
