/var/tmp/aaaaa_090326       Mon Mar  9 10:47:54 EDT 2026
/var/tmp/aaaaa_090326/aaaaa_090326.a       Mon Mar  9 10:47:54 EDT 2026       10MB 
/var/tmp/aaaaa_090326/aaaaaa_090326.a       Mon Mar  9 10:47:54 EDT 2026       10MB 
/var/tmp/aaaaa_090326/aaaaaaa_090326.a       Mon Mar  9 10:47:54 EDT 2026       10MB 
/var/tmp/aaaaa_090326/aaaaaaaa_090326.a       Mon Mar  9 10:47:54 EDT 2026       10MB 
/var/tmp/aaaaa_090326/aaaaaaaaa_090326.a       Mon Mar  9 10:47:54 EDT 2026       10MB 
/var/tmp/aaaaa_090326/aaaaaaaaaa_090326.a       Mon Mar  9 10:47:54 EDT 2026       10MB 
/var/tmp/aaaaa_090326/aaaaaaaaaaa_090326.a       Mon Mar  9 10:47:54 EDT 2026       10MB 
/var/tmp/aaaaa_090326/aaaaaaaaaaaa_090326.a       Mon Mar  9 10:47:54 EDT 2026       10MB 
/var/tmp/aaaaa_090326/aaaaaaaaaaaaa_090326.a       Mon Mar  9 10:47:54 EDT 2026       10MB 
/var/tmp/aaaaa_090326/aaaaaaaaaaaaaa_090326.a       Mon Mar  9 10:47:54 EDT 2026       10MB 
/home/narimon/aaaaa_090326       Mon Mar  9 10:47:54 EDT 2026
/home/narimon/aaaaa_090326/aaaaa_090326.a       Mon Mar  9 10:47:54 EDT 2026       10MB 
/home/narimon/aaaaa_090326/aaaaaa_090326.a       Mon Mar  9 10:47:54 EDT 2026       10MB 
/home/narimon/aaaaa_090326/aaaaaaa_090326.a       Mon Mar  9 10:47:54 EDT 2026       10MB 
/home/narimon/aaaaa_090326/aaaaaaaa_090326.a       Mon Mar  9 10:47:54 EDT 2026       10MB 
/home/narimon/aaaaa_090326/aaaaaaaaa_090326.a       Mon Mar  9 10:47:54 EDT 2026       10MB 
/home/narimon/aaaaa_090326/aaaaaaaaaa_090326.a       Mon Mar  9 10:47:54 EDT 2026       10MB 
/home/narimon/aaaaa_090326/aaaaaaaaaaa_090326.a       Mon Mar  9 10:47:54 EDT 2026       10MB 
/home/narimon/aaaaa_090326/aaaaaaaaaaaa_090326.a       Mon Mar  9 10:47:54 EDT 2026       10MB 
/home/narimon/aaaaa_090326/aaaaaaaaaaaaa_090326.a       Mon Mar  9 10:47:54 EDT 2026       10MB 
/home/narimon/aaaaa_090326/aaaaaaaaaaaaaa_090326.a       Mon Mar  9 10:47:54 EDT 2026       10MB 
/var/tmp/aaaaaa_090326       Mon Mar  9 10:47:54 EDT 2026
/var/tmp/aaaaaa_090326/aaaaa_090326.a       Mon Mar  9 10:47:54 EDT 2026       10MB 
/var/tmp/aaaaaa_090326/aaaaaa_090326.a       Mon Mar  9 10:47:54 EDT 2026       10MB 
/var/tmp/aaaaaa_090326/aaaaaaa_090326.a       Mon Mar  9 10:47:54 EDT 2026       10MB 
/var/tmp/aaaaaa_090326/aaaaaaaa_090326.a       Mon Mar  9 10:47:54 EDT 2026       10MB 
/var/tmp/aaaaaa_090326/aaaaaaaaa_090326.a       Mon Mar  9 10:47:54 EDT 2026       10MB 
/var/tmp/aaaaaa_090326/aaaaaaaaaa_090326.a       Mon Mar  9 10:47:54 EDT 2026       10MB 
/var/tmp/aaaaaa_090326/aaaaaaaaaaa_090326.a       Mon Mar  9 10:47:54 EDT 2026       10MB 
/var/tmp/aaaaaa_090326/aaaaaaaaaaaa_090326.a       Mon Mar  9 10:47:54 EDT 2026       10MB 
/var/tmp/aaaaaa_090326/aaaaaaaaaaaaa_090326.a       Mon Mar  9 10:47:54 EDT 2026       10MB 
/var/tmp/aaaaaa_090326/aaaaaaaaaaaaaa_090326.a       Mon Mar  9 10:47:54 EDT 2026       10MB 
/var/tmp/aaaaaaa_090326       Mon Mar  9 10:47:54 EDT 2026
/var/tmp/aaaaaaa_090326/aaaaa_090326.a       Mon Mar  9 10:47:54 EDT 2026       10MB 
/var/tmp/aaaaaaa_090326/aaaaaa_090326.a       Mon Mar  9 10:47:54 EDT 2026       10MB 
/var/tmp/aaaaaaa_090326/aaaaaaa_090326.a       Mon Mar  9 10:47:54 EDT 2026       10MB 
/var/tmp/aaaaaaa_090326/aaaaaaaa_090326.a       Mon Mar  9 10:47:54 EDT 2026       10MB 
/var/tmp/aaaaaaa_090326/aaaaaaaaa_090326.a       Mon Mar  9 10:47:54 EDT 2026       10MB 
/var/tmp/aaaaaaa_090326/aaaaaaaaaa_090326.a       Mon Mar  9 10:47:54 EDT 2026       10MB 
/var/tmp/aaaaaaa_090326/aaaaaaaaaaa_090326.a       Mon Mar  9 10:47:54 EDT 2026       10MB 
/var/tmp/aaaaaaa_090326/aaaaaaaaaaaa_090326.a       Mon Mar  9 10:47:54 EDT 2026       10MB 
/var/tmp/aaaaaaa_090326/aaaaaaaaaaaaa_090326.a       Mon Mar  9 10:47:54 EDT 2026       10MB 
/var/tmp/aaaaaaa_090326/aaaaaaaaaaaaaa_090326.a       Mon Mar  9 10:47:54 EDT 2026       10MB 
/var/tmp/aaaaaaaa_090326       Mon Mar  9 10:47:54 EDT 2026
/var/tmp/aaaaaaaa_090326/aaaaa_090326.a       Mon Mar  9 10:47:54 EDT 2026       10MB 
/var/tmp/aaaaaaaa_090326/aaaaaa_090326.a       Mon Mar  9 10:47:54 EDT 2026       10MB 
/var/tmp/aaaaaaaa_090326/aaaaaaa_090326.a       Mon Mar  9 10:47:54 EDT 2026       10MB 
/var/tmp/aaaaaaaa_090326/aaaaaaaa_090326.a       Mon Mar  9 10:47:54 EDT 2026       10MB 
/var/tmp/aaaaaaaa_090326/aaaaaaaaa_090326.a       Mon Mar  9 10:47:54 EDT 2026       10MB 
/var/tmp/aaaaaaaa_090326/aaaaaaaaaa_090326.a       Mon Mar  9 10:47:54 EDT 2026       10MB 
/var/tmp/aaaaaaaa_090326/aaaaaaaaaaa_090326.a       Mon Mar  9 10:47:54 EDT 2026       10MB 
/var/tmp/aaaaaaaa_090326/aaaaaaaaaaaa_090326.a       Mon Mar  9 10:47:54 EDT 2026       10MB 
/var/tmp/aaaaaaaa_090326/aaaaaaaaaaaaa_090326.a       Mon Mar  9 10:47:54 EDT 2026       10MB 
/var/tmp/aaaaaaaa_090326/aaaaaaaaaaaaaa_090326.a       Mon Mar  9 10:47:54 EDT 2026       10MB 
/tmp/aaaaa_090326       Mon Mar  9 10:47:54 EDT 2026
/tmp/aaaaa_090326/aaaaa_090326.a       Mon Mar  9 10:47:54 EDT 2026       10MB 
/tmp/aaaaa_090326/aaaaaa_090326.a       Mon Mar  9 10:47:54 EDT 2026       10MB 
/tmp/aaaaa_090326/aaaaaaa_090326.a       Mon Mar  9 10:47:54 EDT 2026       10MB 
/tmp/aaaaa_090326/aaaaaaaa_090326.a       Mon Mar  9 10:47:54 EDT 2026       10MB 
/tmp/aaaaa_090326/aaaaaaaaa_090326.a       Mon Mar  9 10:47:54 EDT 2026       10MB 
/tmp/aaaaa_090326/aaaaaaaaaa_090326.a       Mon Mar  9 10:47:54 EDT 2026       10MB 
/tmp/aaaaa_090326/aaaaaaaaaaa_090326.a       Mon Mar  9 10:47:54 EDT 2026       10MB 
/tmp/aaaaa_090326/aaaaaaaaaaaa_090326.a       Mon Mar  9 10:47:54 EDT 2026       10MB 
/tmp/aaaaa_090326/aaaaaaaaaaaaa_090326.a       Mon Mar  9 10:47:54 EDT 2026       10MB 
/tmp/aaaaa_090326/aaaaaaaaaaaaaa_090326.a       Mon Mar  9 10:47:54 EDT 2026       10MB 
/home/narimon/aaaaaa_090326       Mon Mar  9 10:47:54 EDT 2026
/home/narimon/aaaaaa_090326/aaaaa_090326.a       Mon Mar  9 10:47:54 EDT 2026       10MB 
/home/narimon/aaaaaa_090326/aaaaaa_090326.a       Mon Mar  9 10:47:54 EDT 2026       10MB 
/home/narimon/aaaaaa_090326/aaaaaaa_090326.a       Mon Mar  9 10:47:54 EDT 2026       10MB 
/home/narimon/aaaaaa_090326/aaaaaaaa_090326.a       Mon Mar  9 10:47:54 EDT 2026       10MB 
/home/narimon/aaaaaa_090326/aaaaaaaaa_090326.a       Mon Mar  9 10:47:54 EDT 2026       10MB 
/home/narimon/aaaaaa_090326/aaaaaaaaaa_090326.a       Mon Mar  9 10:47:54 EDT 2026       10MB 
/home/narimon/aaaaaa_090326/aaaaaaaaaaa_090326.a       Mon Mar  9 10:47:54 EDT 2026       10MB 
/home/narimon/aaaaaa_090326/aaaaaaaaaaaa_090326.a       Mon Mar  9 10:47:54 EDT 2026       10MB 
/home/narimon/aaaaaa_090326/aaaaaaaaaaaaa_090326.a       Mon Mar  9 10:47:54 EDT 2026       10MB 
/home/narimon/aaaaaa_090326/aaaaaaaaaaaaaa_090326.a       Mon Mar  9 10:47:54 EDT 2026       10MB 
/home/narimon/aaaaaaa_090326       Mon Mar  9 10:47:54 EDT 2026
/home/narimon/aaaaaaa_090326/aaaaa_090326.a       Mon Mar  9 10:47:54 EDT 2026       10MB 
/home/narimon/aaaaaaa_090326/aaaaaa_090326.a       Mon Mar  9 10:47:54 EDT 2026       10MB 
/home/narimon/aaaaaaa_090326/aaaaaaa_090326.a       Mon Mar  9 10:47:54 EDT 2026       10MB 
/home/narimon/aaaaaaa_090326/aaaaaaaa_090326.a       Mon Mar  9 10:47:54 EDT 2026       10MB 
/home/narimon/aaaaaaa_090326/aaaaaaaaa_090326.a       Mon Mar  9 10:47:54 EDT 2026       10MB 
/home/narimon/aaaaaaa_090326/aaaaaaaaaa_090326.a       Mon Mar  9 10:47:54 EDT 2026       10MB 
/home/narimon/aaaaaaa_090326/aaaaaaaaaaa_090326.a       Mon Mar  9 10:47:54 EDT 2026       10MB 
/home/narimon/aaaaaaa_090326/aaaaaaaaaaaa_090326.a       Mon Mar  9 10:47:54 EDT 2026       10MB 
/home/narimon/aaaaaaa_090326/aaaaaaaaaaaaa_090326.a       Mon Mar  9 10:47:54 EDT 2026       10MB 
/home/narimon/aaaaaaa_090326/aaaaaaaaaaaaaa_090326.a       Mon Mar  9 10:47:54 EDT 2026       10MB 
/home/narimon/aaaaaaaa_090326       Mon Mar  9 10:47:55 EDT 2026
/home/narimon/aaaaaaaa_090326/aaaaa_090326.a       Mon Mar  9 10:47:55 EDT 2026       10MB 
/home/narimon/aaaaaaaa_090326/aaaaaa_090326.a       Mon Mar  9 10:47:55 EDT 2026       10MB 
/home/narimon/aaaaaaaa_090326/aaaaaaa_090326.a       Mon Mar  9 10:47:55 EDT 2026       10MB 
/home/narimon/aaaaaaaa_090326/aaaaaaaa_090326.a       Mon Mar  9 10:47:55 EDT 2026       10MB 
/home/narimon/aaaaaaaa_090326/aaaaaaaaa_090326.a       Mon Mar  9 10:47:55 EDT 2026       10MB 
/home/narimon/aaaaaaaa_090326/aaaaaaaaaa_090326.a       Mon Mar  9 10:47:55 EDT 2026       10MB 
/home/narimon/aaaaaaaa_090326/aaaaaaaaaaa_090326.a       Mon Mar  9 10:47:55 EDT 2026       10MB 
/home/narimon/aaaaaaaa_090326/aaaaaaaaaaaa_090326.a       Mon Mar  9 10:47:55 EDT 2026       10MB 
/home/narimon/aaaaaaaa_090326/aaaaaaaaaaaaa_090326.a       Mon Mar  9 10:47:55 EDT 2026       10MB 
/home/narimon/aaaaaaaa_090326/aaaaaaaaaaaaaa_090326.a       Mon Mar  9 10:47:55 EDT 2026       10MB 
/tmp/aaaaaa_090326       Mon Mar  9 10:47:55 EDT 2026
/tmp/aaaaaa_090326/aaaaa_090326.a       Mon Mar  9 10:47:55 EDT 2026       10MB 
/tmp/aaaaaa_090326/aaaaaa_090326.a       Mon Mar  9 10:47:55 EDT 2026       10MB 
/tmp/aaaaaa_090326/aaaaaaa_090326.a       Mon Mar  9 10:47:55 EDT 2026       10MB 
/tmp/aaaaaa_090326/aaaaaaaa_090326.a       Mon Mar  9 10:47:55 EDT 2026       10MB 
/tmp/aaaaaa_090326/aaaaaaaaa_090326.a       Mon Mar  9 10:47:55 EDT 2026       10MB 
/tmp/aaaaaa_090326/aaaaaaaaaa_090326.a       Mon Mar  9 10:47:55 EDT 2026       10MB 
/tmp/aaaaaa_090326/aaaaaaaaaaa_090326.a       Mon Mar  9 10:47:55 EDT 2026       10MB 
/tmp/aaaaaa_090326/aaaaaaaaaaaa_090326.a       Mon Mar  9 10:47:55 EDT 2026       10MB 
/tmp/aaaaaa_090326/aaaaaaaaaaaaa_090326.a       Mon Mar  9 10:47:55 EDT 2026       10MB 
/tmp/aaaaaa_090326/aaaaaaaaaaaaaa_090326.a       Mon Mar  9 10:47:55 EDT 2026       10MB 
/home/narimon/aaaaaaaaa_090326       Mon Mar  9 10:47:55 EDT 2026
/home/narimon/aaaaaaaaa_090326/aaaaa_090326.a       Mon Mar  9 10:47:55 EDT 2026       10MB 
/home/narimon/aaaaaaaaa_090326/aaaaaa_090326.a       Mon Mar  9 10:47:55 EDT 2026       10MB 
/home/narimon/aaaaaaaaa_090326/aaaaaaa_090326.a       Mon Mar  9 10:47:55 EDT 2026       10MB 
/home/narimon/aaaaaaaaa_090326/aaaaaaaa_090326.a       Mon Mar  9 10:47:55 EDT 2026       10MB 
/home/narimon/aaaaaaaaa_090326/aaaaaaaaa_090326.a       Mon Mar  9 10:47:55 EDT 2026       10MB 
/home/narimon/aaaaaaaaa_090326/aaaaaaaaaa_090326.a       Mon Mar  9 10:47:55 EDT 2026       10MB 
/home/narimon/aaaaaaaaa_090326/aaaaaaaaaaa_090326.a       Mon Mar  9 10:47:55 EDT 2026       10MB 
/home/narimon/aaaaaaaaa_090326/aaaaaaaaaaaa_090326.a       Mon Mar  9 10:47:55 EDT 2026       10MB 
/home/narimon/aaaaaaaaa_090326/aaaaaaaaaaaaa_090326.a       Mon Mar  9 10:47:55 EDT 2026       10MB 
/home/narimon/aaaaaaaaa_090326/aaaaaaaaaaaaaa_090326.a       Mon Mar  9 10:47:55 EDT 2026       10MB 
/var/tmp/aaaaaaaaa_090326       Mon Mar  9 10:47:55 EDT 2026
/var/tmp/aaaaaaaaa_090326/aaaaa_090326.a       Mon Mar  9 10:47:55 EDT 2026       10MB 
/var/tmp/aaaaaaaaa_090326/aaaaaa_090326.a       Mon Mar  9 10:47:55 EDT 2026       10MB 
/var/tmp/aaaaaaaaa_090326/aaaaaaa_090326.a       Mon Mar  9 10:47:55 EDT 2026       10MB 
/var/tmp/aaaaaaaaa_090326/aaaaaaaa_090326.a       Mon Mar  9 10:47:55 EDT 2026       10MB 
/var/tmp/aaaaaaaaa_090326/aaaaaaaaa_090326.a       Mon Mar  9 10:47:55 EDT 2026       10MB 
/var/tmp/aaaaaaaaa_090326/aaaaaaaaaa_090326.a       Mon Mar  9 10:47:55 EDT 2026       10MB 
/var/tmp/aaaaaaaaa_090326/aaaaaaaaaaa_090326.a       Mon Mar  9 10:47:55 EDT 2026       10MB 
/var/tmp/aaaaaaaaa_090326/aaaaaaaaaaaa_090326.a       Mon Mar  9 10:47:55 EDT 2026       10MB 
/var/tmp/aaaaaaaaa_090326/aaaaaaaaaaaaa_090326.a       Mon Mar  9 10:47:55 EDT 2026       10MB 
/var/tmp/aaaaaaaaa_090326/aaaaaaaaaaaaaa_090326.a       Mon Mar  9 10:47:55 EDT 2026       10MB 
/tmp/aaaaaaa_090326       Mon Mar  9 10:47:55 EDT 2026
/tmp/aaaaaaa_090326/aaaaa_090326.a       Mon Mar  9 10:47:55 EDT 2026       10MB 
/tmp/aaaaaaa_090326/aaaaaa_090326.a       Mon Mar  9 10:47:55 EDT 2026       10MB 
/tmp/aaaaaaa_090326/aaaaaaa_090326.a       Mon Mar  9 10:47:55 EDT 2026       10MB 
/tmp/aaaaaaa_090326/aaaaaaaa_090326.a       Mon Mar  9 10:47:55 EDT 2026       10MB 
/tmp/aaaaaaa_090326/aaaaaaaaa_090326.a       Mon Mar  9 10:47:55 EDT 2026       10MB 
/tmp/aaaaaaa_090326/aaaaaaaaaa_090326.a       Mon Mar  9 10:47:55 EDT 2026       10MB 
/tmp/aaaaaaa_090326/aaaaaaaaaaa_090326.a       Mon Mar  9 10:47:55 EDT 2026       10MB 
Start time: 2026-03-09 10:47:54
End time: 2026-03-09 10:47:55
Total running time: 00:00:01
Total running time in seconds: 1
/home/narimon/aaaaa_090326       Mon Mar  9 11:36:32 EDT 2026
/home/narimon/aaaaa_090326/aaaaa_090326.a       Mon Mar  9 11:36:32 EDT 2026       10MB 
/home/narimon/aaaaa_090326/aaaaaa_090326.a       Mon Mar  9 11:36:32 EDT 2026       10MB 
/home/narimon/aaaaa_090326/aaaaaaa_090326.a       Mon Mar  9 11:36:32 EDT 2026       10MB 
/home/narimon/aaaaa_090326/aaaaaaaa_090326.a       Mon Mar  9 11:36:32 EDT 2026       10MB 
/home/narimon/aaaaa_090326/aaaaaaaaa_090326.a       Mon Mar  9 11:36:32 EDT 2026       10MB 
/home/narimon/aaaaa_090326/aaaaaaaaaa_090326.a       Mon Mar  9 11:36:32 EDT 2026       10MB 
/home/narimon/aaaaa_090326/aaaaaaaaaaa_090326.a       Mon Mar  9 11:36:32 EDT 2026       10MB 
/home/narimon/aaaaa_090326/aaaaaaaaaaaa_090326.a       Mon Mar  9 11:36:32 EDT 2026       10MB 
/home/narimon/aaaaa_090326/aaaaaaaaaaaaa_090326.a       Mon Mar  9 11:36:32 EDT 2026       10MB 
/home/narimon/aaaaa_090326/aaaaaaaaaaaaaa_090326.a       Mon Mar  9 11:36:32 EDT 2026       10MB 
/home/narimon/aaaaaa_090326       Mon Mar  9 11:36:32 EDT 2026
/home/narimon/aaaaaa_090326/aaaaa_090326.a       Mon Mar  9 11:36:32 EDT 2026       10MB 
/home/narimon/aaaaaa_090326/aaaaaa_090326.a       Mon Mar  9 11:36:32 EDT 2026       10MB 
/home/narimon/aaaaaa_090326/aaaaaaa_090326.a       Mon Mar  9 11:36:32 EDT 2026       10MB 
/home/narimon/aaaaaa_090326/aaaaaaaa_090326.a       Mon Mar  9 11:36:32 EDT 2026       10MB 
/home/narimon/aaaaaa_090326/aaaaaaaaa_090326.a       Mon Mar  9 11:36:32 EDT 2026       10MB 
/home/narimon/aaaaaa_090326/aaaaaaaaaa_090326.a       Mon Mar  9 11:36:32 EDT 2026       10MB 
/home/narimon/aaaaaa_090326/aaaaaaaaaaa_090326.a       Mon Mar  9 11:36:32 EDT 2026       10MB 
/home/narimon/aaaaaa_090326/aaaaaaaaaaaa_090326.a       Mon Mar  9 11:36:32 EDT 2026       10MB 
/home/narimon/aaaaaa_090326/aaaaaaaaaaaaa_090326.a       Mon Mar  9 11:36:32 EDT 2026       10MB 
/home/narimon/aaaaaa_090326/aaaaaaaaaaaaaa_090326.a       Mon Mar  9 11:36:32 EDT 2026       10MB 
/tmp/aaaaa_090326       Mon Mar  9 11:36:32 EDT 2026
/tmp/aaaaa_090326/aaaaa_090326.a       Mon Mar  9 11:36:32 EDT 2026       10MB 
/tmp/aaaaa_090326/aaaaaa_090326.a       Mon Mar  9 11:36:32 EDT 2026       10MB 
/tmp/aaaaa_090326/aaaaaaa_090326.a       Mon Mar  9 11:36:32 EDT 2026       10MB 
/tmp/aaaaa_090326/aaaaaaaa_090326.a       Mon Mar  9 11:36:32 EDT 2026       10MB 
/tmp/aaaaa_090326/aaaaaaaaa_090326.a       Mon Mar  9 11:36:32 EDT 2026       10MB 
/tmp/aaaaa_090326/aaaaaaaaaa_090326.a       Mon Mar  9 11:36:32 EDT 2026       10MB 
/tmp/aaaaa_090326/aaaaaaaaaaa_090326.a       Mon Mar  9 11:36:32 EDT 2026       10MB 
/tmp/aaaaa_090326/aaaaaaaaaaaa_090326.a       Mon Mar  9 11:36:32 EDT 2026       10MB 
/tmp/aaaaa_090326/aaaaaaaaaaaaa_090326.a       Mon Mar  9 11:36:32 EDT 2026       10MB 
/tmp/aaaaa_090326/aaaaaaaaaaaaaa_090326.a       Mon Mar  9 11:36:32 EDT 2026       10MB 
/var/tmp/aaaaa_090326       Mon Mar  9 11:36:32 EDT 2026
/var/tmp/aaaaa_090326/aaaaa_090326.a       Mon Mar  9 11:36:32 EDT 2026       10MB 
/var/tmp/aaaaa_090326/aaaaaa_090326.a       Mon Mar  9 11:36:32 EDT 2026       10MB 
/var/tmp/aaaaa_090326/aaaaaaa_090326.a       Mon Mar  9 11:36:32 EDT 2026       10MB 
/var/tmp/aaaaa_090326/aaaaaaaa_090326.a       Mon Mar  9 11:36:32 EDT 2026       10MB 
/var/tmp/aaaaa_090326/aaaaaaaaa_090326.a       Mon Mar  9 11:36:32 EDT 2026       10MB 
/var/tmp/aaaaa_090326/aaaaaaaaaa_090326.a       Mon Mar  9 11:36:32 EDT 2026       10MB 
/var/tmp/aaaaa_090326/aaaaaaaaaaa_090326.a       Mon Mar  9 11:36:32 EDT 2026       10MB 
/var/tmp/aaaaa_090326/aaaaaaaaaaaa_090326.a       Mon Mar  9 11:36:32 EDT 2026       10MB 
/var/tmp/aaaaa_090326/aaaaaaaaaaaaa_090326.a       Mon Mar  9 11:36:32 EDT 2026       10MB 
/var/tmp/aaaaa_090326/aaaaaaaaaaaaaa_090326.a       Mon Mar  9 11:36:32 EDT 2026       10MB 
/var/tmp/aaaaaa_090326       Mon Mar  9 11:36:32 EDT 2026
/var/tmp/aaaaaa_090326/aaaaa_090326.a       Mon Mar  9 11:36:32 EDT 2026       10MB 
/var/tmp/aaaaaa_090326/aaaaaa_090326.a       Mon Mar  9 11:36:32 EDT 2026       10MB 
/var/tmp/aaaaaa_090326/aaaaaaa_090326.a       Mon Mar  9 11:36:32 EDT 2026       10MB 
/var/tmp/aaaaaa_090326/aaaaaaaa_090326.a       Mon Mar  9 11:36:32 EDT 2026       10MB 
/var/tmp/aaaaaa_090326/aaaaaaaaa_090326.a       Mon Mar  9 11:36:32 EDT 2026       10MB 
/var/tmp/aaaaaa_090326/aaaaaaaaaa_090326.a       Mon Mar  9 11:36:32 EDT 2026       10MB 
/var/tmp/aaaaaa_090326/aaaaaaaaaaa_090326.a       Mon Mar  9 11:36:32 EDT 2026       10MB 
/var/tmp/aaaaaa_090326/aaaaaaaaaaaa_090326.a       Mon Mar  9 11:36:32 EDT 2026       10MB 
/var/tmp/aaaaaa_090326/aaaaaaaaaaaaa_090326.a       Mon Mar  9 11:36:32 EDT 2026       10MB 
/var/tmp/aaaaaa_090326/aaaaaaaaaaaaaa_090326.a       Mon Mar  9 11:36:32 EDT 2026       10MB 
/home/narimon/aaaaaaa_090326       Mon Mar  9 11:36:32 EDT 2026
/home/narimon/aaaaaaa_090326/aaaaa_090326.a       Mon Mar  9 11:36:32 EDT 2026       10MB 
/home/narimon/aaaaaaa_090326/aaaaaa_090326.a       Mon Mar  9 11:36:32 EDT 2026       10MB 
/home/narimon/aaaaaaa_090326/aaaaaaa_090326.a       Mon Mar  9 11:36:33 EDT 2026       10MB 
/home/narimon/aaaaaaa_090326/aaaaaaaa_090326.a       Mon Mar  9 11:36:33 EDT 2026       10MB 
/home/narimon/aaaaaaa_090326/aaaaaaaaa_090326.a       Mon Mar  9 11:36:33 EDT 2026       10MB 
/home/narimon/aaaaaaa_090326/aaaaaaaaaa_090326.a       Mon Mar  9 11:36:33 EDT 2026       10MB 
/home/narimon/aaaaaaa_090326/aaaaaaaaaaa_090326.a       Mon Mar  9 11:36:33 EDT 2026       10MB 
/home/narimon/aaaaaaa_090326/aaaaaaaaaaaa_090326.a       Mon Mar  9 11:36:33 EDT 2026       10MB 
/home/narimon/aaaaaaa_090326/aaaaaaaaaaaaa_090326.a       Mon Mar  9 11:36:33 EDT 2026       10MB 
/home/narimon/aaaaaaa_090326/aaaaaaaaaaaaaa_090326.a       Mon Mar  9 11:36:33 EDT 2026       10MB 
/var/tmp/aaaaaaa_090326       Mon Mar  9 11:36:33 EDT 2026
/var/tmp/aaaaaaa_090326/aaaaa_090326.a       Mon Mar  9 11:36:33 EDT 2026       10MB 
/var/tmp/aaaaaaa_090326/aaaaaa_090326.a       Mon Mar  9 11:36:33 EDT 2026       10MB 
/var/tmp/aaaaaaa_090326/aaaaaaa_090326.a       Mon Mar  9 11:36:33 EDT 2026       10MB 
/var/tmp/aaaaaaa_090326/aaaaaaaa_090326.a       Mon Mar  9 11:36:33 EDT 2026       10MB 
/var/tmp/aaaaaaa_090326/aaaaaaaaa_090326.a       Mon Mar  9 11:36:33 EDT 2026       10MB 
/var/tmp/aaaaaaa_090326/aaaaaaaaaa_090326.a       Mon Mar  9 11:36:33 EDT 2026       10MB 
/var/tmp/aaaaaaa_090326/aaaaaaaaaaa_090326.a       Mon Mar  9 11:36:33 EDT 2026       10MB 
/var/tmp/aaaaaaa_090326/aaaaaaaaaaaa_090326.a       Mon Mar  9 11:36:33 EDT 2026       10MB 
/var/tmp/aaaaaaa_090326/aaaaaaaaaaaaa_090326.a       Mon Mar  9 11:36:33 EDT 2026       10MB 
/var/tmp/aaaaaaa_090326/aaaaaaaaaaaaaa_090326.a       Mon Mar  9 11:36:33 EDT 2026       10MB 
/tmp/aaaaaa_090326       Mon Mar  9 11:36:33 EDT 2026
/tmp/aaaaaa_090326/aaaaa_090326.a       Mon Mar  9 11:36:33 EDT 2026       10MB 
/tmp/aaaaaa_090326/aaaaaa_090326.a       Mon Mar  9 11:36:33 EDT 2026       10MB 
/tmp/aaaaaa_090326/aaaaaaa_090326.a       Mon Mar  9 11:36:33 EDT 2026       10MB 
/tmp/aaaaaa_090326/aaaaaaaa_090326.a       Mon Mar  9 11:36:33 EDT 2026       10MB 
/tmp/aaaaaa_090326/aaaaaaaaa_090326.a       Mon Mar  9 11:36:33 EDT 2026       10MB 
/tmp/aaaaaa_090326/aaaaaaaaaa_090326.a       Mon Mar  9 11:36:33 EDT 2026       10MB 
/tmp/aaaaaa_090326/aaaaaaaaaaa_090326.a       Mon Mar  9 11:36:33 EDT 2026       10MB 
/tmp/aaaaaa_090326/aaaaaaaaaaaa_090326.a       Mon Mar  9 11:36:33 EDT 2026       10MB 
/tmp/aaaaaa_090326/aaaaaaaaaaaaa_090326.a       Mon Mar  9 11:36:33 EDT 2026       10MB 
/tmp/aaaaaa_090326/aaaaaaaaaaaaaa_090326.a       Mon Mar  9 11:36:33 EDT 2026       10MB 
/home/narimon/aaaaaaaa_090326       Mon Mar  9 11:36:33 EDT 2026
/home/narimon/aaaaaaaa_090326/aaaaa_090326.a       Mon Mar  9 11:36:33 EDT 2026       10MB 
/home/narimon/aaaaaaaa_090326/aaaaaa_090326.a       Mon Mar  9 11:36:33 EDT 2026       10MB 
/home/narimon/aaaaaaaa_090326/aaaaaaa_090326.a       Mon Mar  9 11:36:33 EDT 2026       10MB 
/home/narimon/aaaaaaaa_090326/aaaaaaaa_090326.a       Mon Mar  9 11:36:33 EDT 2026       10MB 
/home/narimon/aaaaaaaa_090326/aaaaaaaaa_090326.a       Mon Mar  9 11:36:33 EDT 2026       10MB 
/home/narimon/aaaaaaaa_090326/aaaaaaaaaa_090326.a       Mon Mar  9 11:36:33 EDT 2026       10MB 
/home/narimon/aaaaaaaa_090326/aaaaaaaaaaa_090326.a       Mon Mar  9 11:36:33 EDT 2026       10MB 
/home/narimon/aaaaaaaa_090326/aaaaaaaaaaaa_090326.a       Mon Mar  9 11:36:33 EDT 2026       10MB 
/home/narimon/aaaaaaaa_090326/aaaaaaaaaaaaa_090326.a       Mon Mar  9 11:36:33 EDT 2026       10MB 
/home/narimon/aaaaaaaa_090326/aaaaaaaaaaaaaa_090326.a       Mon Mar  9 11:36:33 EDT 2026       10MB 
/var/tmp/aaaaaaaa_090326       Mon Mar  9 11:36:33 EDT 2026
/var/tmp/aaaaaaaa_090326/aaaaa_090326.a       Mon Mar  9 11:36:33 EDT 2026       10MB 
/var/tmp/aaaaaaaa_090326/aaaaaa_090326.a       Mon Mar  9 11:36:33 EDT 2026       10MB 
/var/tmp/aaaaaaaa_090326/aaaaaaa_090326.a       Mon Mar  9 11:36:33 EDT 2026       10MB 
/var/tmp/aaaaaaaa_090326/aaaaaaaa_090326.a       Mon Mar  9 11:36:33 EDT 2026       10MB 
/var/tmp/aaaaaaaa_090326/aaaaaaaaa_090326.a       Mon Mar  9 11:36:33 EDT 2026       10MB 
/var/tmp/aaaaaaaa_090326/aaaaaaaaaa_090326.a       Mon Mar  9 11:36:33 EDT 2026       10MB 
/var/tmp/aaaaaaaa_090326/aaaaaaaaaaa_090326.a       Mon Mar  9 11:36:33 EDT 2026       10MB 
/var/tmp/aaaaaaaa_090326/aaaaaaaaaaaa_090326.a       Mon Mar  9 11:36:33 EDT 2026       10MB 
/var/tmp/aaaaaaaa_090326/aaaaaaaaaaaaa_090326.a       Mon Mar  9 11:36:33 EDT 2026       10MB 
/var/tmp/aaaaaaaa_090326/aaaaaaaaaaaaaa_090326.a       Mon Mar  9 11:36:33 EDT 2026       10MB 
/home/narimon/aaaaaaaaa_090326       Mon Mar  9 11:36:33 EDT 2026
/home/narimon/aaaaaaaaa_090326/aaaaa_090326.a       Mon Mar  9 11:36:33 EDT 2026       10MB 
/home/narimon/aaaaaaaaa_090326/aaaaaa_090326.a       Mon Mar  9 11:36:33 EDT 2026       10MB 
/home/narimon/aaaaaaaaa_090326/aaaaaaa_090326.a       Mon Mar  9 11:36:33 EDT 2026       10MB 
/home/narimon/aaaaaaaaa_090326/aaaaaaaa_090326.a       Mon Mar  9 11:36:33 EDT 2026       10MB 
/home/narimon/aaaaaaaaa_090326/aaaaaaaaa_090326.a       Mon Mar  9 11:36:33 EDT 2026       10MB 
/home/narimon/aaaaaaaaa_090326/aaaaaaaaaa_090326.a       Mon Mar  9 11:36:33 EDT 2026       10MB 
/home/narimon/aaaaaaaaa_090326/aaaaaaaaaaa_090326.a       Mon Mar  9 11:36:33 EDT 2026       10MB 
/home/narimon/aaaaaaaaa_090326/aaaaaaaaaaaa_090326.a       Mon Mar  9 11:36:33 EDT 2026       10MB 
/home/narimon/aaaaaaaaa_090326/aaaaaaaaaaaaa_090326.a       Mon Mar  9 11:36:33 EDT 2026       10MB 
/home/narimon/aaaaaaaaa_090326/aaaaaaaaaaaaaa_090326.a       Mon Mar  9 11:36:33 EDT 2026       10MB 
/home/narimon/aaaaaaaaaa_090326       Mon Mar  9 11:36:33 EDT 2026
/home/narimon/aaaaaaaaaa_090326/aaaaa_090326.a       Mon Mar  9 11:36:33 EDT 2026       10MB 
/home/narimon/aaaaaaaaaa_090326/aaaaaa_090326.a       Mon Mar  9 11:36:33 EDT 2026       10MB 
/home/narimon/aaaaaaaaaa_090326/aaaaaaa_090326.a       Mon Mar  9 11:36:33 EDT 2026       10MB 
/home/narimon/aaaaaaaaaa_090326/aaaaaaaa_090326.a       Mon Mar  9 11:36:33 EDT 2026       10MB 
/home/narimon/aaaaaaaaaa_090326/aaaaaaaaa_090326.a       Mon Mar  9 11:36:33 EDT 2026       10MB 
/home/narimon/aaaaaaaaaa_090326/aaaaaaaaaa_090326.a       Mon Mar  9 11:36:33 EDT 2026       10MB 
/home/narimon/aaaaaaaaaa_090326/aaaaaaaaaaa_090326.a       Mon Mar  9 11:36:33 EDT 2026       10MB 
/home/narimon/aaaaaaaaaa_090326/aaaaaaaaaaaa_090326.a       Mon Mar  9 11:36:33 EDT 2026       10MB 
/home/narimon/aaaaaaaaaa_090326/aaaaaaaaaaaaa_090326.a       Mon Mar  9 11:36:33 EDT 2026       10MB 
/home/narimon/aaaaaaaaaa_090326/aaaaaaaaaaaaaa_090326.a       Mon Mar  9 11:36:33 EDT 2026       10MB 
/home/narimon/aaaaaaaaaaa_090326       Mon Mar  9 11:36:33 EDT 2026
/home/narimon/aaaaaaaaaaa_090326/aaaaa_090326.a       Mon Mar  9 11:36:33 EDT 2026       10MB 
/home/narimon/aaaaaaaaaaa_090326/aaaaaa_090326.a       Mon Mar  9 11:36:33 EDT 2026       10MB 
/home/narimon/aaaaaaaaaaa_090326/aaaaaaa_090326.a       Mon Mar  9 11:36:33 EDT 2026       10MB 
/home/narimon/aaaaaaaaaaa_090326/aaaaaaaa_090326.a       Mon Mar  9 11:36:33 EDT 2026       10MB 
/home/narimon/aaaaaaaaaaa_090326/aaaaaaaaa_090326.a       Mon Mar  9 11:36:33 EDT 2026       10MB 
/home/narimon/aaaaaaaaaaa_090326/aaaaaaaaaa_090326.a       Mon Mar  9 11:36:33 EDT 2026       10MB 
/home/narimon/aaaaaaaaaaa_090326/aaaaaaaaaaa_090326.a       Mon Mar  9 11:36:33 EDT 2026       10MB 
Start time: 2026-03-09 11:36:32
End time: 2026-03-09 11:36:33
Total running time: 00:00:01
Total running time in seconds: 1
/var/tmp/aaaaaaaaaaaaz_090326       Mon Mar  9 12:49:50 EDT 2026
/var/tmp/aaaaaaaaaaaaz_090326/aaaaz_090326.az       Mon Mar  9 12:49:50 EDT 2026       3MB 
/var/tmp/aaaaaaaaaaaaz_090326/azzzzz_090326.az       Mon Mar  9 12:49:50 EDT 2026       3MB 
/var/tmp/aaaaaaaaaaaaz_090326/aaaaaaz_090326.az       Mon Mar  9 12:49:50 EDT 2026       3MB 
/var/tmp/aaaaaaaaaaaaz_090326/azzzzzzz_090326.az       Mon Mar  9 12:49:50 EDT 2026       3MB 
/var/tmp/aaaaaaaaaaaaz_090326/aaaaaaaaz_090326.az       Mon Mar  9 12:49:50 EDT 2026       3MB 
/var/tmp/aaaaaaaaaaaaz_090326/azzzzzzzzz_090326.az       Mon Mar  9 12:49:50 EDT 2026       3MB 
/var/tmp/aaaaaaaaaaaaz_090326/aaaaaaaaaaz_090326.az       Mon Mar  9 12:49:50 EDT 2026       3MB 
/var/tmp/aaaaaaaaaaaaz_090326/azzzzzzzzzzz_090326.az       Mon Mar  9 12:49:50 EDT 2026       3MB 
/var/tmp/aaaaaaaaaaaaz_090326/aaaaaaaaaaaaz_090326.az       Mon Mar  9 12:49:50 EDT 2026       3MB 
/var/tmp/aaaaaaaaaaaaz_090326/azzzzzzzzzzzzz_090326.az       Mon Mar  9 12:49:50 EDT 2026       3MB 
/home/narimon/azzzzzzzzzzz_090326       Mon Mar  9 12:49:50 EDT 2026
/home/narimon/azzzzzzzzzzz_090326/aaaaz_090326.az       Mon Mar  9 12:49:50 EDT 2026       3MB 
/home/narimon/azzzzzzzzzzz_090326/azzzzz_090326.az       Mon Mar  9 12:49:50 EDT 2026       3MB 
/home/narimon/azzzzzzzzzzz_090326/aaaaaaz_090326.az       Mon Mar  9 12:49:50 EDT 2026       3MB 
/home/narimon/azzzzzzzzzzz_090326/azzzzzzz_090326.az       Mon Mar  9 12:49:50 EDT 2026       3MB 
/home/narimon/azzzzzzzzzzz_090326/aaaaaaaaz_090326.az       Mon Mar  9 12:49:50 EDT 2026       3MB 
/home/narimon/azzzzzzzzzzz_090326/azzzzzzzzz_090326.az       Mon Mar  9 12:49:50 EDT 2026       3MB 
/home/narimon/azzzzzzzzzzz_090326/aaaaaaaaaaz_090326.az       Mon Mar  9 12:49:50 EDT 2026       3MB 
/home/narimon/azzzzzzzzzzz_090326/azzzzzzzzzzz_090326.az       Mon Mar  9 12:49:50 EDT 2026       3MB 
/home/narimon/azzzzzzzzzzz_090326/aaaaaaaaaaaaz_090326.az       Mon Mar  9 12:49:50 EDT 2026       3MB 
/home/narimon/azzzzzzzzzzz_090326/azzzzzzzzzzzzz_090326.az       Mon Mar  9 12:49:50 EDT 2026       3MB 
/tmp/aaaaz_090326       Mon Mar  9 12:49:50 EDT 2026
/tmp/aaaaz_090326/aaaaz_090326.az       Mon Mar  9 12:49:50 EDT 2026       3MB 
/tmp/aaaaz_090326/azzzzz_090326.az       Mon Mar  9 12:49:50 EDT 2026       3MB 
/tmp/aaaaz_090326/aaaaaaz_090326.az       Mon Mar  9 12:49:50 EDT 2026       3MB 
/tmp/aaaaz_090326/azzzzzzz_090326.az       Mon Mar  9 12:49:50 EDT 2026       3MB 
/tmp/aaaaz_090326/aaaaaaaaz_090326.az       Mon Mar  9 12:49:50 EDT 2026       3MB 
/tmp/aaaaz_090326/azzzzzzzzz_090326.az       Mon Mar  9 12:49:50 EDT 2026       3MB 
/tmp/aaaaz_090326/aaaaaaaaaaz_090326.az       Mon Mar  9 12:49:50 EDT 2026       3MB 
/tmp/aaaaz_090326/azzzzzzzzzzz_090326.az       Mon Mar  9 12:49:50 EDT 2026       3MB 
/tmp/aaaaz_090326/aaaaaaaaaaaaz_090326.az       Mon Mar  9 12:49:50 EDT 2026       3MB 
/tmp/aaaaz_090326/azzzzzzzzzzzzz_090326.az       Mon Mar  9 12:49:50 EDT 2026       3MB 
/home/narimon/aaaaaaaaaaaaz_090326       Mon Mar  9 12:49:50 EDT 2026
/home/narimon/aaaaaaaaaaaaz_090326/aaaaz_090326.az       Mon Mar  9 12:49:50 EDT 2026       3MB 
/home/narimon/aaaaaaaaaaaaz_090326/azzzzz_090326.az       Mon Mar  9 12:49:50 EDT 2026       3MB 
/home/narimon/aaaaaaaaaaaaz_090326/aaaaaaz_090326.az       Mon Mar  9 12:49:50 EDT 2026       3MB 
/home/narimon/aaaaaaaaaaaaz_090326/azzzzzzz_090326.az       Mon Mar  9 12:49:50 EDT 2026       3MB 
/home/narimon/aaaaaaaaaaaaz_090326/aaaaaaaaz_090326.az       Mon Mar  9 12:49:50 EDT 2026       3MB 
/home/narimon/aaaaaaaaaaaaz_090326/azzzzzzzzz_090326.az       Mon Mar  9 12:49:50 EDT 2026       3MB 
/home/narimon/aaaaaaaaaaaaz_090326/aaaaaaaaaaz_090326.az       Mon Mar  9 12:49:50 EDT 2026       3MB 
/home/narimon/aaaaaaaaaaaaz_090326/azzzzzzzzzzz_090326.az       Mon Mar  9 12:49:50 EDT 2026       3MB 
/home/narimon/aaaaaaaaaaaaz_090326/aaaaaaaaaaaaz_090326.az       Mon Mar  9 12:49:50 EDT 2026       3MB 
/home/narimon/aaaaaaaaaaaaz_090326/azzzzzzzzzzzzz_090326.az       Mon Mar  9 12:49:50 EDT 2026       3MB 
/tmp/azzzzz_090326       Mon Mar  9 12:49:50 EDT 2026
/tmp/azzzzz_090326/aaaaz_090326.az       Mon Mar  9 12:49:50 EDT 2026       3MB 
/tmp/azzzzz_090326/azzzzz_090326.az       Mon Mar  9 12:49:50 EDT 2026       3MB 
/tmp/azzzzz_090326/aaaaaaz_090326.az       Mon Mar  9 12:49:50 EDT 2026       3MB 
/tmp/azzzzz_090326/azzzzzzz_090326.az       Mon Mar  9 12:49:50 EDT 2026       3MB 
/tmp/azzzzz_090326/aaaaaaaaz_090326.az       Mon Mar  9 12:49:50 EDT 2026       3MB 
/tmp/azzzzz_090326/azzzzzzzzz_090326.az       Mon Mar  9 12:49:50 EDT 2026       3MB 
/tmp/azzzzz_090326/aaaaaaaaaaz_090326.az       Mon Mar  9 12:49:50 EDT 2026       3MB 
/tmp/azzzzz_090326/azzzzzzzzzzz_090326.az       Mon Mar  9 12:49:50 EDT 2026       3MB 
/tmp/azzzzz_090326/aaaaaaaaaaaaz_090326.az       Mon Mar  9 12:49:50 EDT 2026       3MB 
/tmp/azzzzz_090326/azzzzzzzzzzzzz_090326.az       Mon Mar  9 12:49:50 EDT 2026       3MB 
/var/tmp/azzzzzzzzzzzzz_090326       Mon Mar  9 12:49:50 EDT 2026
/var/tmp/azzzzzzzzzzzzz_090326/aaaaz_090326.az       Mon Mar  9 12:49:50 EDT 2026       3MB 
/var/tmp/azzzzzzzzzzzzz_090326/azzzzz_090326.az       Mon Mar  9 12:49:50 EDT 2026       3MB 
/var/tmp/azzzzzzzzzzzzz_090326/aaaaaaz_090326.az       Mon Mar  9 12:49:50 EDT 2026       3MB 
/var/tmp/azzzzzzzzzzzzz_090326/azzzzzzz_090326.az       Mon Mar  9 12:49:50 EDT 2026       3MB 
/var/tmp/azzzzzzzzzzzzz_090326/aaaaaaaaz_090326.az       Mon Mar  9 12:49:50 EDT 2026       3MB 
/var/tmp/azzzzzzzzzzzzz_090326/azzzzzzzzz_090326.az       Mon Mar  9 12:49:50 EDT 2026       3MB 
/var/tmp/azzzzzzzzzzzzz_090326/aaaaaaaaaaz_090326.az       Mon Mar  9 12:49:50 EDT 2026       3MB 
/var/tmp/azzzzzzzzzzzzz_090326/azzzzzzzzzzz_090326.az       Mon Mar  9 12:49:50 EDT 2026       3MB 
/var/tmp/azzzzzzzzzzzzz_090326/aaaaaaaaaaaaz_090326.az       Mon Mar  9 12:49:50 EDT 2026       3MB 
/var/tmp/azzzzzzzzzzzzz_090326/azzzzzzzzzzzzz_090326.az       Mon Mar  9 12:49:50 EDT 2026       3MB 
/home/narimon/azzzzzzzzzzzzz_090326       Mon Mar  9 12:49:50 EDT 2026
/home/narimon/azzzzzzzzzzzzz_090326/aaaaz_090326.az       Mon Mar  9 12:49:50 EDT 2026       3MB 
/home/narimon/azzzzzzzzzzzzz_090326/azzzzz_090326.az       Mon Mar  9 12:49:51 EDT 2026       3MB 
/home/narimon/azzzzzzzzzzzzz_090326/aaaaaaz_090326.az       Mon Mar  9 12:49:51 EDT 2026       3MB 
/home/narimon/azzzzzzzzzzzzz_090326/azzzzzzz_090326.az       Mon Mar  9 12:49:51 EDT 2026       3MB 
/home/narimon/azzzzzzzzzzzzz_090326/aaaaaaaaz_090326.az       Mon Mar  9 12:49:51 EDT 2026       3MB 
/home/narimon/azzzzzzzzzzzzz_090326/azzzzzzzzz_090326.az       Mon Mar  9 12:49:51 EDT 2026       3MB 
/home/narimon/azzzzzzzzzzzzz_090326/aaaaaaaaaaz_090326.az       Mon Mar  9 12:49:51 EDT 2026       3MB 
/home/narimon/azzzzzzzzzzzzz_090326/azzzzzzzzzzz_090326.az       Mon Mar  9 12:49:51 EDT 2026       3MB 
/home/narimon/azzzzzzzzzzzzz_090326/aaaaaaaaaaaaz_090326.az       Mon Mar  9 12:49:51 EDT 2026       3MB 
/home/narimon/azzzzzzzzzzzzz_090326/azzzzzzzzzzzzz_090326.az       Mon Mar  9 12:49:51 EDT 2026       3MB 
/var/tmp/aaaaaaaaaaaaaaz_090326       Mon Mar  9 12:49:51 EDT 2026
/var/tmp/aaaaaaaaaaaaaaz_090326/aaaaz_090326.az       Mon Mar  9 12:49:51 EDT 2026       3MB 
/var/tmp/aaaaaaaaaaaaaaz_090326/azzzzz_090326.az       Mon Mar  9 12:49:51 EDT 2026       3MB 
/var/tmp/aaaaaaaaaaaaaaz_090326/aaaaaaz_090326.az       Mon Mar  9 12:49:51 EDT 2026       3MB 
/var/tmp/aaaaaaaaaaaaaaz_090326/azzzzzzz_090326.az       Mon Mar  9 12:49:51 EDT 2026       3MB 
/var/tmp/aaaaaaaaaaaaaaz_090326/aaaaaaaaz_090326.az       Mon Mar  9 12:49:51 EDT 2026       3MB 
/var/tmp/aaaaaaaaaaaaaaz_090326/azzzzzzzzz_090326.az       Mon Mar  9 12:49:51 EDT 2026       3MB 
/var/tmp/aaaaaaaaaaaaaaz_090326/aaaaaaaaaaz_090326.az       Mon Mar  9 12:49:51 EDT 2026       3MB 
/var/tmp/aaaaaaaaaaaaaaz_090326/azzzzzzzzzzz_090326.az       Mon Mar  9 12:49:51 EDT 2026       3MB 
/var/tmp/aaaaaaaaaaaaaaz_090326/aaaaaaaaaaaaz_090326.az       Mon Mar  9 12:49:51 EDT 2026       3MB 
/var/tmp/aaaaaaaaaaaaaaz_090326/azzzzzzzzzzzzz_090326.az       Mon Mar  9 12:49:51 EDT 2026       3MB 
/var/tmp/azzzzzzzzzzzzzzz_090326       Mon Mar  9 12:49:51 EDT 2026
/var/tmp/azzzzzzzzzzzzzzz_090326/aaaaz_090326.az       Mon Mar  9 12:49:51 EDT 2026       3MB 
/var/tmp/azzzzzzzzzzzzzzz_090326/azzzzz_090326.az       Mon Mar  9 12:49:51 EDT 2026       3MB 
/var/tmp/azzzzzzzzzzzzzzz_090326/aaaaaaz_090326.az       Mon Mar  9 12:49:51 EDT 2026       3MB 
/var/tmp/azzzzzzzzzzzzzzz_090326/azzzzzzz_090326.az       Mon Mar  9 12:49:51 EDT 2026       3MB 
/var/tmp/azzzzzzzzzzzzzzz_090326/aaaaaaaaz_090326.az       Mon Mar  9 12:49:51 EDT 2026       3MB 
/var/tmp/azzzzzzzzzzzzzzz_090326/azzzzzzzzz_090326.az       Mon Mar  9 12:49:51 EDT 2026       3MB 
/var/tmp/azzzzzzzzzzzzzzz_090326/aaaaaaaaaaz_090326.az       Mon Mar  9 12:49:51 EDT 2026       3MB 
/var/tmp/azzzzzzzzzzzzzzz_090326/azzzzzzzzzzz_090326.az       Mon Mar  9 12:49:51 EDT 2026       3MB 
/var/tmp/azzzzzzzzzzzzzzz_090326/aaaaaaaaaaaaz_090326.az       Mon Mar  9 12:49:51 EDT 2026       3MB 
/var/tmp/azzzzzzzzzzzzzzz_090326/azzzzzzzzzzzzz_090326.az       Mon Mar  9 12:49:51 EDT 2026       3MB 
/home/narimon/aaaaaaaaaaaaaaz_090326       Mon Mar  9 12:49:51 EDT 2026
/home/narimon/aaaaaaaaaaaaaaz_090326/aaaaz_090326.az       Mon Mar  9 12:49:51 EDT 2026       3MB 
/home/narimon/aaaaaaaaaaaaaaz_090326/azzzzz_090326.az       Mon Mar  9 12:49:51 EDT 2026       3MB 
/home/narimon/aaaaaaaaaaaaaaz_090326/aaaaaaz_090326.az       Mon Mar  9 12:49:51 EDT 2026       3MB 
/home/narimon/aaaaaaaaaaaaaaz_090326/azzzzzzz_090326.az       Mon Mar  9 12:49:51 EDT 2026       3MB 
/home/narimon/aaaaaaaaaaaaaaz_090326/aaaaaaaaz_090326.az       Mon Mar  9 12:49:51 EDT 2026       3MB 
/home/narimon/aaaaaaaaaaaaaaz_090326/azzzzzzzzz_090326.az       Mon Mar  9 12:49:51 EDT 2026       3MB 
/home/narimon/aaaaaaaaaaaaaaz_090326/aaaaaaaaaaz_090326.az       Mon Mar  9 12:49:51 EDT 2026       3MB 
/home/narimon/aaaaaaaaaaaaaaz_090326/azzzzzzzzzzz_090326.az       Mon Mar  9 12:49:51 EDT 2026       3MB 
/home/narimon/aaaaaaaaaaaaaaz_090326/aaaaaaaaaaaaz_090326.az       Mon Mar  9 12:49:51 EDT 2026       3MB 
/home/narimon/aaaaaaaaaaaaaaz_090326/azzzzzzzzzzzzz_090326.az       Mon Mar  9 12:49:51 EDT 2026       3MB 
/home/narimon/azzzzzzzzzzzzzzz_090326       Mon Mar  9 12:49:51 EDT 2026
/home/narimon/azzzzzzzzzzzzzzz_090326/aaaaz_090326.az       Mon Mar  9 12:49:51 EDT 2026       3MB 
/home/narimon/azzzzzzzzzzzzzzz_090326/azzzzz_090326.az       Mon Mar  9 12:49:51 EDT 2026       3MB 
/home/narimon/azzzzzzzzzzzzzzz_090326/aaaaaaz_090326.az       Mon Mar  9 12:49:51 EDT 2026       3MB 
/home/narimon/azzzzzzzzzzzzzzz_090326/azzzzzzz_090326.az       Mon Mar  9 12:49:51 EDT 2026       3MB 
/home/narimon/azzzzzzzzzzzzzzz_090326/aaaaaaaaz_090326.az       Mon Mar  9 12:49:51 EDT 2026       3MB 
/home/narimon/azzzzzzzzzzzzzzz_090326/azzzzzzzzz_090326.az       Mon Mar  9 12:49:51 EDT 2026       3MB 
/home/narimon/azzzzzzzzzzzzzzz_090326/aaaaaaaaaaz_090326.az       Mon Mar  9 12:49:51 EDT 2026       3MB 
/home/narimon/azzzzzzzzzzzzzzz_090326/azzzzzzzzzzz_090326.az       Mon Mar  9 12:49:51 EDT 2026       3MB 
/home/narimon/azzzzzzzzzzzzzzz_090326/aaaaaaaaaaaaz_090326.az       Mon Mar  9 12:49:51 EDT 2026       3MB 
/home/narimon/azzzzzzzzzzzzzzz_090326/azzzzzzzzzzzzz_090326.az       Mon Mar  9 12:49:51 EDT 2026       3MB 
/home/narimon/aaaaaaaaaaaaaaaaz_090326       Mon Mar  9 12:49:51 EDT 2026
/home/narimon/aaaaaaaaaaaaaaaaz_090326/aaaaz_090326.az       Mon Mar  9 12:49:51 EDT 2026       3MB 
/home/narimon/aaaaaaaaaaaaaaaaz_090326/azzzzz_090326.az       Mon Mar  9 12:49:51 EDT 2026       3MB 
/home/narimon/aaaaaaaaaaaaaaaaz_090326/aaaaaaz_090326.az       Mon Mar  9 12:49:51 EDT 2026       3MB 
/home/narimon/aaaaaaaaaaaaaaaaz_090326/azzzzzzz_090326.az       Mon Mar  9 12:49:51 EDT 2026       3MB 
/home/narimon/aaaaaaaaaaaaaaaaz_090326/aaaaaaaaz_090326.az       Mon Mar  9 12:49:51 EDT 2026       3MB 
/home/narimon/aaaaaaaaaaaaaaaaz_090326/azzzzzzzzz_090326.az       Mon Mar  9 12:49:51 EDT 2026       3MB 
/home/narimon/aaaaaaaaaaaaaaaaz_090326/aaaaaaaaaaz_090326.az       Mon Mar  9 12:49:51 EDT 2026       3MB 
/home/narimon/aaaaaaaaaaaaaaaaz_090326/azzzzzzzzzzz_090326.az       Mon Mar  9 12:49:51 EDT 2026       3MB 
/home/narimon/aaaaaaaaaaaaaaaaz_090326/aaaaaaaaaaaaz_090326.az       Mon Mar  9 12:49:51 EDT 2026       3MB 
/home/narimon/aaaaaaaaaaaaaaaaz_090326/azzzzzzzzzzzzz_090326.az       Mon Mar  9 12:49:51 EDT 2026       3MB 
/home/narimon/azzzzzzzzzzzzzzzzz_090326       Mon Mar  9 12:49:51 EDT 2026
/home/narimon/azzzzzzzzzzzzzzzzz_090326/aaaaz_090326.az       Mon Mar  9 12:49:51 EDT 2026       3MB 
/home/narimon/azzzzzzzzzzzzzzzzz_090326/azzzzz_090326.az       Mon Mar  9 12:49:51 EDT 2026       3MB 
/home/narimon/azzzzzzzzzzzzzzzzz_090326/aaaaaaz_090326.az       Mon Mar  9 12:49:51 EDT 2026       3MB 
/home/narimon/azzzzzzzzzzzzzzzzz_090326/azzzzzzz_090326.az       Mon Mar  9 12:49:51 EDT 2026       3MB 
/home/narimon/azzzzzzzzzzzzzzzzz_090326/aaaaaaaaz_090326.az       Mon Mar  9 12:49:51 EDT 2026       3MB 
/home/narimon/azzzzzzzzzzzzzzzzz_090326/azzzzzzzzz_090326.az       Mon Mar  9 12:49:51 EDT 2026       3MB 
/home/narimon/azzzzzzzzzzzzzzzzz_090326/aaaaaaaaaaz_090326.az       Mon Mar  9 12:49:51 EDT 2026       3MB 
/home/narimon/azzzzzzzzzzzzzzzzz_090326/azzzzzzzzzzz_090326.az       Mon Mar  9 12:49:51 EDT 2026       3MB 
/home/narimon/azzzzzzzzzzzzzzzzz_090326/aaaaaaaaaaaaz_090326.az       Mon Mar  9 12:49:51 EDT 2026       3MB 
/home/narimon/azzzzzzzzzzzzzzzzz_090326/azzzzzzzzzzzzz_090326.az       Mon Mar  9 12:49:51 EDT 2026       3MB 
/var/tmp/aaaaaaaaaaaaaaaaz_090326       Mon Mar  9 12:49:51 EDT 2026
/var/tmp/aaaaaaaaaaaaaaaaz_090326/aaaaz_090326.az       Mon Mar  9 12:49:51 EDT 2026       3MB 
/var/tmp/aaaaaaaaaaaaaaaaz_090326/azzzzz_090326.az       Mon Mar  9 12:49:51 EDT 2026       3MB 
/var/tmp/aaaaaaaaaaaaaaaaz_090326/aaaaaaz_090326.az       Mon Mar  9 12:49:51 EDT 2026       3MB 
/var/tmp/aaaaaaaaaaaaaaaaz_090326/azzzzzzz_090326.az       Mon Mar  9 12:49:51 EDT 2026       3MB 
/var/tmp/aaaaaaaaaaaaaaaaz_090326/aaaaaaaaz_090326.az       Mon Mar  9 12:49:51 EDT 2026       3MB 
/var/tmp/aaaaaaaaaaaaaaaaz_090326/azzzzzzzzz_090326.az       Mon Mar  9 12:49:51 EDT 2026       3MB 
/var/tmp/aaaaaaaaaaaaaaaaz_090326/aaaaaaaaaaz_090326.az       Mon Mar  9 12:49:51 EDT 2026       3MB 
/var/tmp/aaaaaaaaaaaaaaaaz_090326/azzzzzzzzzzz_090326.az       Mon Mar  9 12:49:51 EDT 2026       3MB 
/var/tmp/aaaaaaaaaaaaaaaaz_090326/aaaaaaaaaaaaz_090326.az       Mon Mar  9 12:49:51 EDT 2026       3MB 
/var/tmp/aaaaaaaaaaaaaaaaz_090326/azzzzzzzzzzzzz_090326.az       Mon Mar  9 12:49:51 EDT 2026       3MB 
/var/tmp/azzzzzzzzzzzzzzzzz_090326       Mon Mar  9 12:49:51 EDT 2026
/var/tmp/azzzzzzzzzzzzzzzzz_090326/aaaaz_090326.az       Mon Mar  9 12:49:51 EDT 2026       3MB 
/var/tmp/azzzzzzzzzzzzzzzzz_090326/azzzzz_090326.az       Mon Mar  9 12:49:51 EDT 2026       3MB 
/var/tmp/azzzzzzzzzzzzzzzzz_090326/aaaaaaz_090326.az       Mon Mar  9 12:49:51 EDT 2026       3MB 
/var/tmp/azzzzzzzzzzzzzzzzz_090326/azzzzzzz_090326.az       Mon Mar  9 12:49:51 EDT 2026       3MB 
/var/tmp/azzzzzzzzzzzzzzzzz_090326/aaaaaaaaz_090326.az       Mon Mar  9 12:49:51 EDT 2026       3MB 
/var/tmp/azzzzzzzzzzzzzzzzz_090326/azzzzzzzzz_090326.az       Mon Mar  9 12:49:51 EDT 2026       3MB 
/var/tmp/azzzzzzzzzzzzzzzzz_090326/aaaaaaaaaaz_090326.az       Mon Mar  9 12:49:51 EDT 2026       3MB 
/var/tmp/azzzzzzzzzzzzzzzzz_090326/azzzzzzzzzzz_090326.az       Mon Mar  9 12:49:51 EDT 2026       3MB 
/var/tmp/azzzzzzzzzzzzzzzzz_090326/aaaaaaaaaaaaz_090326.az       Mon Mar  9 12:49:51 EDT 2026       3MB 
/var/tmp/azzzzzzzzzzzzzzzzz_090326/azzzzzzzzzzzzz_090326.az       Mon Mar  9 12:49:51 EDT 2026       3MB 
/home/narimon/aaaaaaaaaaaaaaaaaaz_090326       Mon Mar  9 12:49:51 EDT 2026
/home/narimon/aaaaaaaaaaaaaaaaaaz_090326/aaaaz_090326.az       Mon Mar  9 12:49:51 EDT 2026       3MB 
/home/narimon/aaaaaaaaaaaaaaaaaaz_090326/azzzzz_090326.az       Mon Mar  9 12:49:51 EDT 2026       3MB 
/home/narimon/aaaaaaaaaaaaaaaaaaz_090326/aaaaaaz_090326.az       Mon Mar  9 12:49:51 EDT 2026       3MB 
/home/narimon/aaaaaaaaaaaaaaaaaaz_090326/azzzzzzz_090326.az       Mon Mar  9 12:49:51 EDT 2026       3MB 
/home/narimon/aaaaaaaaaaaaaaaaaaz_090326/aaaaaaaaz_090326.az       Mon Mar  9 12:49:51 EDT 2026       3MB 
/home/narimon/aaaaaaaaaaaaaaaaaaz_090326/azzzzzzzzz_090326.az       Mon Mar  9 12:49:51 EDT 2026       3MB 
/home/narimon/aaaaaaaaaaaaaaaaaaz_090326/aaaaaaaaaaz_090326.az       Mon Mar  9 12:49:51 EDT 2026       3MB 
/home/narimon/aaaaaaaaaaaaaaaaaaz_090326/azzzzzzzzzzz_090326.az       Mon Mar  9 12:49:51 EDT 2026       3MB 
/home/narimon/aaaaaaaaaaaaaaaaaaz_090326/aaaaaaaaaaaaz_090326.az       Mon Mar  9 12:49:51 EDT 2026       3MB 
/home/narimon/aaaaaaaaaaaaaaaaaaz_090326/azzzzzzzzzzzzz_090326.az       Mon Mar  9 12:49:51 EDT 2026       3MB 
/tmp/aaaaaaz_090326       Mon Mar  9 12:49:51 EDT 2026
/tmp/aaaaaaz_090326/aaaaz_090326.az       Mon Mar  9 12:49:51 EDT 2026       3MB 
/tmp/aaaaaaz_090326/azzzzz_090326.az       Mon Mar  9 12:49:51 EDT 2026       3MB 
/tmp/aaaaaaz_090326/aaaaaaz_090326.az       Mon Mar  9 12:49:51 EDT 2026       3MB 
/tmp/aaaaaaz_090326/azzzzzzz_090326.az       Mon Mar  9 12:49:51 EDT 2026       3MB 
/tmp/aaaaaaz_090326/aaaaaaaaz_090326.az       Mon Mar  9 12:49:51 EDT 2026       3MB 
/tmp/aaaaaaz_090326/azzzzzzzzz_090326.az       Mon Mar  9 12:49:51 EDT 2026       3MB 
/tmp/aaaaaaz_090326/aaaaaaaaaaz_090326.az       Mon Mar  9 12:49:51 EDT 2026       3MB 
/tmp/aaaaaaz_090326/azzzzzzzzzzz_090326.az       Mon Mar  9 12:49:51 EDT 2026       3MB 
/tmp/aaaaaaz_090326/aaaaaaaaaaaaz_090326.az       Mon Mar  9 12:49:51 EDT 2026       3MB 
/tmp/aaaaaaz_090326/azzzzzzzzzzzzz_090326.az       Mon Mar  9 12:49:51 EDT 2026       3MB 
/tmp/azzzzzzz_090326       Mon Mar  9 12:49:51 EDT 2026
/tmp/azzzzzzz_090326/aaaaz_090326.az       Mon Mar  9 12:49:51 EDT 2026       3MB 
/tmp/azzzzzzz_090326/azzzzz_090326.az       Mon Mar  9 12:49:51 EDT 2026       3MB 
/tmp/azzzzzzz_090326/aaaaaaz_090326.az       Mon Mar  9 12:49:51 EDT 2026       3MB 
/tmp/azzzzzzz_090326/azzzzzzz_090326.az       Mon Mar  9 12:49:51 EDT 2026       3MB 
/tmp/azzzzzzz_090326/aaaaaaaaz_090326.az       Mon Mar  9 12:49:51 EDT 2026       3MB 
/tmp/azzzzzzz_090326/azzzzzzzzz_090326.az       Mon Mar  9 12:49:51 EDT 2026       3MB 
/tmp/azzzzzzz_090326/aaaaaaaaaaz_090326.az       Mon Mar  9 12:49:51 EDT 2026       3MB 
/tmp/azzzzzzz_090326/azzzzzzzzzzz_090326.az       Mon Mar  9 12:49:51 EDT 2026       3MB 
/tmp/azzzzzzz_090326/aaaaaaaaaaaaz_090326.az       Mon Mar  9 12:49:51 EDT 2026       3MB 
/tmp/azzzzzzz_090326/azzzzzzzzzzzzz_090326.az       Mon Mar  9 12:49:51 EDT 2026       3MB 
/home/narimon/azzzzzzzzzzzzzzzzzzz_090326       Mon Mar  9 12:49:52 EDT 2026
/home/narimon/azzzzzzzzzzzzzzzzzzz_090326/aaaaz_090326.az       Mon Mar  9 12:49:52 EDT 2026       3MB 
/home/narimon/azzzzzzzzzzzzzzzzzzz_090326/azzzzz_090326.az       Mon Mar  9 12:49:52 EDT 2026       3MB 
/home/narimon/azzzzzzzzzzzzzzzzzzz_090326/aaaaaaz_090326.az       Mon Mar  9 12:49:52 EDT 2026       3MB 
/home/narimon/azzzzzzzzzzzzzzzzzzz_090326/azzzzzzz_090326.az       Mon Mar  9 12:49:52 EDT 2026       3MB 
/home/narimon/azzzzzzzzzzzzzzzzzzz_090326/aaaaaaaaz_090326.az       Mon Mar  9 12:49:52 EDT 2026       3MB 
/home/narimon/azzzzzzzzzzzzzzzzzzz_090326/azzzzzzzzz_090326.az       Mon Mar  9 12:49:52 EDT 2026       3MB 
/home/narimon/azzzzzzzzzzzzzzzzzzz_090326/aaaaaaaaaaz_090326.az       Mon Mar  9 12:49:52 EDT 2026       3MB 
/home/narimon/azzzzzzzzzzzzzzzzzzz_090326/azzzzzzzzzzz_090326.az       Mon Mar  9 12:49:52 EDT 2026       3MB 
/home/narimon/azzzzzzzzzzzzzzzzzzz_090326/aaaaaaaaaaaaz_090326.az       Mon Mar  9 12:49:52 EDT 2026       3MB 
/home/narimon/azzzzzzzzzzzzzzzzzzz_090326/azzzzzzzzzzzzz_090326.az       Mon Mar  9 12:49:52 EDT 2026       3MB 
/home/narimon/aaaaaaaaaaaaaaaaaaaaz_090326       Mon Mar  9 12:49:52 EDT 2026
/home/narimon/aaaaaaaaaaaaaaaaaaaaz_090326/aaaaz_090326.az       Mon Mar  9 12:49:52 EDT 2026       3MB 
/home/narimon/aaaaaaaaaaaaaaaaaaaaz_090326/azzzzz_090326.az       Mon Mar  9 12:49:52 EDT 2026       3MB 
/home/narimon/aaaaaaaaaaaaaaaaaaaaz_090326/aaaaaaz_090326.az       Mon Mar  9 12:49:52 EDT 2026       3MB 
/home/narimon/aaaaaaaaaaaaaaaaaaaaz_090326/azzzzzzz_090326.az       Mon Mar  9 12:49:52 EDT 2026       3MB 
/home/narimon/aaaaaaaaaaaaaaaaaaaaz_090326/aaaaaaaaz_090326.az       Mon Mar  9 12:49:52 EDT 2026       3MB 
/home/narimon/aaaaaaaaaaaaaaaaaaaaz_090326/azzzzzzzzz_090326.az       Mon Mar  9 12:49:52 EDT 2026       3MB 
/home/narimon/aaaaaaaaaaaaaaaaaaaaz_090326/aaaaaaaaaaz_090326.az       Mon Mar  9 12:49:52 EDT 2026       3MB 
/home/narimon/aaaaaaaaaaaaaaaaaaaaz_090326/azzzzzzzzzzz_090326.az       Mon Mar  9 12:49:52 EDT 2026       3MB 
/home/narimon/aaaaaaaaaaaaaaaaaaaaz_090326/aaaaaaaaaaaaz_090326.az       Mon Mar  9 12:49:52 EDT 2026       3MB 
/home/narimon/aaaaaaaaaaaaaaaaaaaaz_090326/azzzzzzzzzzzzz_090326.az       Mon Mar  9 12:49:52 EDT 2026       3MB 
/home/narimon/azzzzzzzzzzzzzzzzzzzzz_090326       Mon Mar  9 12:49:52 EDT 2026
/home/narimon/azzzzzzzzzzzzzzzzzzzzz_090326/aaaaz_090326.az       Mon Mar  9 12:49:52 EDT 2026       3MB 
/home/narimon/azzzzzzzzzzzzzzzzzzzzz_090326/azzzzz_090326.az       Mon Mar  9 12:49:52 EDT 2026       3MB 
/home/narimon/azzzzzzzzzzzzzzzzzzzzz_090326/aaaaaaz_090326.az       Mon Mar  9 12:49:52 EDT 2026       3MB 
/home/narimon/azzzzzzzzzzzzzzzzzzzzz_090326/azzzzzzz_090326.az       Mon Mar  9 12:49:52 EDT 2026       3MB 
/home/narimon/azzzzzzzzzzzzzzzzzzzzz_090326/aaaaaaaaz_090326.az       Mon Mar  9 12:49:52 EDT 2026       3MB 
/home/narimon/azzzzzzzzzzzzzzzzzzzzz_090326/azzzzzzzzz_090326.az       Mon Mar  9 12:49:52 EDT 2026       3MB 
/home/narimon/azzzzzzzzzzzzzzzzzzzzz_090326/aaaaaaaaaaz_090326.az       Mon Mar  9 12:49:52 EDT 2026       3MB 
/home/narimon/azzzzzzzzzzzzzzzzzzzzz_090326/azzzzzzzzzzz_090326.az       Mon Mar  9 12:49:52 EDT 2026       3MB 
/home/narimon/azzzzzzzzzzzzzzzzzzzzz_090326/aaaaaaaaaaaaz_090326.az       Mon Mar  9 12:49:52 EDT 2026       3MB 
/home/narimon/azzzzzzzzzzzzzzzzzzzzz_090326/azzzzzzzzzzzzz_090326.az       Mon Mar  9 12:49:52 EDT 2026       3MB 
/var/tmp/aaaaaaaaaaaaaaaaaaz_090326       Mon Mar  9 12:49:52 EDT 2026
/var/tmp/aaaaaaaaaaaaaaaaaaz_090326/aaaaz_090326.az       Mon Mar  9 12:49:52 EDT 2026       3MB 
/var/tmp/aaaaaaaaaaaaaaaaaaz_090326/azzzzz_090326.az       Mon Mar  9 12:49:52 EDT 2026       3MB 
/var/tmp/aaaaaaaaaaaaaaaaaaz_090326/aaaaaaz_090326.az       Mon Mar  9 12:49:52 EDT 2026       3MB 
/var/tmp/aaaaaaaaaaaaaaaaaaz_090326/azzzzzzz_090326.az       Mon Mar  9 12:49:52 EDT 2026       3MB 
/var/tmp/aaaaaaaaaaaaaaaaaaz_090326/aaaaaaaaz_090326.az       Mon Mar  9 12:49:52 EDT 2026       3MB 
/var/tmp/aaaaaaaaaaaaaaaaaaz_090326/azzzzzzzzz_090326.az       Mon Mar  9 12:49:52 EDT 2026       3MB 
/var/tmp/aaaaaaaaaaaaaaaaaaz_090326/aaaaaaaaaaz_090326.az       Mon Mar  9 12:49:52 EDT 2026       3MB 
/var/tmp/aaaaaaaaaaaaaaaaaaz_090326/azzzzzzzzzzz_090326.az       Mon Mar  9 12:49:52 EDT 2026       3MB 
/var/tmp/aaaaaaaaaaaaaaaaaaz_090326/aaaaaaaaaaaaz_090326.az       Mon Mar  9 12:49:52 EDT 2026       3MB 
/var/tmp/aaaaaaaaaaaaaaaaaaz_090326/azzzzzzzzzzzzz_090326.az       Mon Mar  9 12:49:52 EDT 2026       3MB 
/tmp/aaaaaaaaz_090326       Mon Mar  9 12:49:52 EDT 2026
/tmp/aaaaaaaaz_090326/aaaaz_090326.az       Mon Mar  9 12:49:52 EDT 2026       3MB 
/tmp/aaaaaaaaz_090326/azzzzz_090326.az       Mon Mar  9 12:49:52 EDT 2026       3MB 
/tmp/aaaaaaaaz_090326/aaaaaaz_090326.az       Mon Mar  9 12:49:52 EDT 2026       3MB 
/tmp/aaaaaaaaz_090326/azzzzzzz_090326.az       Mon Mar  9 12:49:52 EDT 2026       3MB 
/tmp/aaaaaaaaz_090326/aaaaaaaaz_090326.az       Mon Mar  9 12:49:52 EDT 2026       3MB 
/tmp/aaaaaaaaz_090326/azzzzzzzzz_090326.az       Mon Mar  9 12:49:52 EDT 2026       3MB 
/tmp/aaaaaaaaz_090326/aaaaaaaaaaz_090326.az       Mon Mar  9 12:49:52 EDT 2026       3MB 
/tmp/aaaaaaaaz_090326/azzzzzzzzzzz_090326.az       Mon Mar  9 12:49:52 EDT 2026       3MB 
/tmp/aaaaaaaaz_090326/aaaaaaaaaaaaz_090326.az       Mon Mar  9 12:49:52 EDT 2026       3MB 
/tmp/aaaaaaaaz_090326/azzzzzzzzzzzzz_090326.az       Mon Mar  9 12:49:52 EDT 2026       3MB 
/var/tmp/azzzzzzzzzzzzzzzzzzz_090326       Mon Mar  9 12:49:52 EDT 2026
/var/tmp/azzzzzzzzzzzzzzzzzzz_090326/aaaaz_090326.az       Mon Mar  9 12:49:52 EDT 2026       3MB 
/var/tmp/azzzzzzzzzzzzzzzzzzz_090326/azzzzz_090326.az       Mon Mar  9 12:49:52 EDT 2026       3MB 
/var/tmp/azzzzzzzzzzzzzzzzzzz_090326/aaaaaaz_090326.az       Mon Mar  9 12:49:52 EDT 2026       3MB 
/var/tmp/azzzzzzzzzzzzzzzzzzz_090326/azzzzzzz_090326.az       Mon Mar  9 12:49:52 EDT 2026       3MB 
/var/tmp/azzzzzzzzzzzzzzzzzzz_090326/aaaaaaaaz_090326.az       Mon Mar  9 12:49:52 EDT 2026       3MB 
/var/tmp/azzzzzzzzzzzzzzzzzzz_090326/azzzzzzzzz_090326.az       Mon Mar  9 12:49:52 EDT 2026       3MB 
/var/tmp/azzzzzzzzzzzzzzzzzzz_090326/aaaaaaaaaaz_090326.az       Mon Mar  9 12:49:52 EDT 2026       3MB 
/var/tmp/azzzzzzzzzzzzzzzzzzz_090326/azzzzzzzzzzz_090326.az       Mon Mar  9 12:49:52 EDT 2026       3MB 
/var/tmp/azzzzzzzzzzzzzzzzzzz_090326/aaaaaaaaaaaaz_090326.az       Mon Mar  9 12:49:52 EDT 2026       3MB 
/var/tmp/azzzzzzzzzzzzzzzzzzz_090326/azzzzzzzzzzzzz_090326.az       Mon Mar  9 12:49:52 EDT 2026       3MB 
/tmp/azzzzzzzzz_090326       Mon Mar  9 12:49:52 EDT 2026
/tmp/azzzzzzzzz_090326/aaaaz_090326.az       Mon Mar  9 12:49:52 EDT 2026       3MB 
/tmp/azzzzzzzzz_090326/azzzzz_090326.az       Mon Mar  9 12:49:52 EDT 2026       3MB 
/tmp/azzzzzzzzz_090326/aaaaaaz_090326.az       Mon Mar  9 12:49:52 EDT 2026       3MB 
/tmp/azzzzzzzzz_090326/azzzzzzz_090326.az       Mon Mar  9 12:49:52 EDT 2026       3MB 
/tmp/azzzzzzzzz_090326/aaaaaaaaz_090326.az       Mon Mar  9 12:49:52 EDT 2026       3MB 
/tmp/azzzzzzzzz_090326/azzzzzzzzz_090326.az       Mon Mar  9 12:49:52 EDT 2026       3MB 
/tmp/azzzzzzzzz_090326/aaaaaaaaaaz_090326.az       Mon Mar  9 12:49:52 EDT 2026       3MB 
/tmp/azzzzzzzzz_090326/azzzzzzzzzzz_090326.az       Mon Mar  9 12:49:52 EDT 2026       3MB 
/tmp/azzzzzzzzz_090326/aaaaaaaaaaaaz_090326.az       Mon Mar  9 12:49:52 EDT 2026       3MB 
/tmp/azzzzzzzzz_090326/azzzzzzzzzzzzz_090326.az       Mon Mar  9 12:49:52 EDT 2026       3MB 
/tmp/aaaaaaaaaaz_090326       Mon Mar  9 12:49:52 EDT 2026
/tmp/aaaaaaaaaaz_090326/aaaaz_090326.az       Mon Mar  9 12:49:52 EDT 2026       3MB 
/tmp/aaaaaaaaaaz_090326/azzzzz_090326.az       Mon Mar  9 12:49:52 EDT 2026       3MB 
/tmp/aaaaaaaaaaz_090326/aaaaaaz_090326.az       Mon Mar  9 12:49:52 EDT 2026       3MB 
/tmp/aaaaaaaaaaz_090326/azzzzzzz_090326.az       Mon Mar  9 12:49:52 EDT 2026       3MB 
/tmp/aaaaaaaaaaz_090326/aaaaaaaaz_090326.az       Mon Mar  9 12:49:52 EDT 2026       3MB 
/tmp/aaaaaaaaaaz_090326/azzzzzzzzz_090326.az       Mon Mar  9 12:49:52 EDT 2026       3MB 
/tmp/aaaaaaaaaaz_090326/aaaaaaaaaaz_090326.az       Mon Mar  9 12:49:52 EDT 2026       3MB 
/tmp/aaaaaaaaaaz_090326/azzzzzzzzzzz_090326.az       Mon Mar  9 12:49:52 EDT 2026       3MB 
/tmp/aaaaaaaaaaz_090326/aaaaaaaaaaaaz_090326.az       Mon Mar  9 12:49:52 EDT 2026       3MB 
/tmp/aaaaaaaaaaz_090326/azzzzzzzzzzzzz_090326.az       Mon Mar  9 12:49:52 EDT 2026       3MB 
/var/tmp/aaaaaaaaaaaaaaaaaaaaz_090326       Mon Mar  9 12:49:52 EDT 2026
/var/tmp/aaaaaaaaaaaaaaaaaaaaz_090326/aaaaz_090326.az       Mon Mar  9 12:49:52 EDT 2026       3MB 
/var/tmp/aaaaaaaaaaaaaaaaaaaaz_090326/azzzzz_090326.az       Mon Mar  9 12:49:52 EDT 2026       3MB 
/var/tmp/aaaaaaaaaaaaaaaaaaaaz_090326/aaaaaaz_090326.az       Mon Mar  9 12:49:52 EDT 2026       3MB 
/var/tmp/aaaaaaaaaaaaaaaaaaaaz_090326/azzzzzzz_090326.az       Mon Mar  9 12:49:52 EDT 2026       3MB 
/var/tmp/aaaaaaaaaaaaaaaaaaaaz_090326/aaaaaaaaz_090326.az       Mon Mar  9 12:49:52 EDT 2026       3MB 
/var/tmp/aaaaaaaaaaaaaaaaaaaaz_090326/azzzzzzzzz_090326.az       Mon Mar  9 12:49:52 EDT 2026       3MB 
/var/tmp/aaaaaaaaaaaaaaaaaaaaz_090326/aaaaaaaaaaz_090326.az       Mon Mar  9 12:49:52 EDT 2026       3MB 
/var/tmp/aaaaaaaaaaaaaaaaaaaaz_090326/azzzzzzzzzzz_090326.az       Mon Mar  9 12:49:52 EDT 2026       3MB 
/var/tmp/aaaaaaaaaaaaaaaaaaaaz_090326/aaaaaaaaaaaaz_090326.az       Mon Mar  9 12:49:52 EDT 2026       3MB 
/var/tmp/aaaaaaaaaaaaaaaaaaaaz_090326/azzzzzzzzzzzzz_090326.az       Mon Mar  9 12:49:52 EDT 2026       3MB 
/var/tmp/azzzzzzzzzzzzzzzzzzzzz_090326       Mon Mar  9 12:49:52 EDT 2026
/var/tmp/azzzzzzzzzzzzzzzzzzzzz_090326/aaaaz_090326.az       Mon Mar  9 12:49:52 EDT 2026       3MB 
/var/tmp/azzzzzzzzzzzzzzzzzzzzz_090326/azzzzz_090326.az       Mon Mar  9 12:49:52 EDT 2026       3MB 
/var/tmp/azzzzzzzzzzzzzzzzzzzzz_090326/aaaaaaz_090326.az       Mon Mar  9 12:49:52 EDT 2026       3MB 
/var/tmp/azzzzzzzzzzzzzzzzzzzzz_090326/azzzzzzz_090326.az       Mon Mar  9 12:49:52 EDT 2026       3MB 
/var/tmp/azzzzzzzzzzzzzzzzzzzzz_090326/aaaaaaaaz_090326.az       Mon Mar  9 12:49:52 EDT 2026       3MB 
/var/tmp/azzzzzzzzzzzzzzzzzzzzz_090326/azzzzzzzzz_090326.az       Mon Mar  9 12:49:52 EDT 2026       3MB 
/var/tmp/azzzzzzzzzzzzzzzzzzzzz_090326/aaaaaaaaaaz_090326.az       Mon Mar  9 12:49:52 EDT 2026       3MB 
/var/tmp/azzzzzzzzzzzzzzzzzzzzz_090326/azzzzzzzzzzz_090326.az       Mon Mar  9 12:49:52 EDT 2026       3MB 
/var/tmp/azzzzzzzzzzzzzzzzzzzzz_090326/aaaaaaaaaaaaz_090326.az       Mon Mar  9 12:49:52 EDT 2026       3MB 
/var/tmp/azzzzzzzzzzzzzzzzzzzzz_090326/azzzzzzzzzzzzz_090326.az       Mon Mar  9 12:49:52 EDT 2026       3MB 
/var/tmp/aaaaaaaaaaaaaaaaaaaaaaz_090326       Mon Mar  9 12:49:52 EDT 2026
/var/tmp/aaaaaaaaaaaaaaaaaaaaaaz_090326/aaaaz_090326.az       Mon Mar  9 12:49:52 EDT 2026       3MB 
/var/tmp/aaaaaaaaaaaaaaaaaaaaaaz_090326/azzzzz_090326.az       Mon Mar  9 12:49:52 EDT 2026       3MB 
/var/tmp/aaaaaaaaaaaaaaaaaaaaaaz_090326/aaaaaaz_090326.az       Mon Mar  9 12:49:52 EDT 2026       3MB 
/var/tmp/aaaaaaaaaaaaaaaaaaaaaaz_090326/azzzzzzz_090326.az       Mon Mar  9 12:49:52 EDT 2026       3MB 
/var/tmp/aaaaaaaaaaaaaaaaaaaaaaz_090326/aaaaaaaaz_090326.az       Mon Mar  9 12:49:52 EDT 2026       3MB 
/var/tmp/aaaaaaaaaaaaaaaaaaaaaaz_090326/azzzzzzzzz_090326.az       Mon Mar  9 12:49:52 EDT 2026       3MB 
/var/tmp/aaaaaaaaaaaaaaaaaaaaaaz_090326/aaaaaaaaaaz_090326.az       Mon Mar  9 12:49:52 EDT 2026       3MB 
/var/tmp/aaaaaaaaaaaaaaaaaaaaaaz_090326/azzzzzzzzzzz_090326.az       Mon Mar  9 12:49:52 EDT 2026       3MB 
/var/tmp/aaaaaaaaaaaaaaaaaaaaaaz_090326/aaaaaaaaaaaaz_090326.az       Mon Mar  9 12:49:52 EDT 2026       3MB 
/var/tmp/aaaaaaaaaaaaaaaaaaaaaaz_090326/azzzzzzzzzzzzz_090326.az       Mon Mar  9 12:49:52 EDT 2026       3MB 
/var/tmp/azzzzzzzzzzzzzzzzzzzzzzz_090326       Mon Mar  9 12:49:53 EDT 2026
/var/tmp/azzzzzzzzzzzzzzzzzzzzzzz_090326/aaaaz_090326.az       Mon Mar  9 12:49:53 EDT 2026       3MB 
/var/tmp/azzzzzzzzzzzzzzzzzzzzzzz_090326/azzzzz_090326.az       Mon Mar  9 12:49:53 EDT 2026       3MB 
/var/tmp/azzzzzzzzzzzzzzzzzzzzzzz_090326/aaaaaaz_090326.az       Mon Mar  9 12:49:53 EDT 2026       3MB 
/var/tmp/azzzzzzzzzzzzzzzzzzzzzzz_090326/azzzzzzz_090326.az       Mon Mar  9 12:49:53 EDT 2026       3MB 
/var/tmp/azzzzzzzzzzzzzzzzzzzzzzz_090326/aaaaaaaaz_090326.az       Mon Mar  9 12:49:53 EDT 2026       3MB 
/var/tmp/azzzzzzzzzzzzzzzzzzzzzzz_090326/azzzzzzzzz_090326.az       Mon Mar  9 12:49:53 EDT 2026       3MB 
/var/tmp/azzzzzzzzzzzzzzzzzzzzzzz_090326/aaaaaaaaaaz_090326.az       Mon Mar  9 12:49:53 EDT 2026       3MB 
/var/tmp/azzzzzzzzzzzzzzzzzzzzzzz_090326/azzzzzzzzzzz_090326.az       Mon Mar  9 12:49:53 EDT 2026       3MB 
/var/tmp/azzzzzzzzzzzzzzzzzzzzzzz_090326/aaaaaaaaaaaaz_090326.az       Mon Mar  9 12:49:53 EDT 2026       3MB 
/var/tmp/azzzzzzzzzzzzzzzzzzzzzzz_090326/azzzzzzzzzzzzz_090326.az       Mon Mar  9 12:49:53 EDT 2026       3MB 
/home/narimon/aaaaaaaaaaaaaaaaaaaaaaz_090326       Mon Mar  9 12:49:53 EDT 2026
/home/narimon/aaaaaaaaaaaaaaaaaaaaaaz_090326/aaaaz_090326.az       Mon Mar  9 12:49:53 EDT 2026       3MB 
/home/narimon/aaaaaaaaaaaaaaaaaaaaaaz_090326/azzzzz_090326.az       Mon Mar  9 12:49:53 EDT 2026       3MB 
/home/narimon/aaaaaaaaaaaaaaaaaaaaaaz_090326/aaaaaaz_090326.az       Mon Mar  9 12:49:53 EDT 2026       3MB 
/home/narimon/aaaaaaaaaaaaaaaaaaaaaaz_090326/azzzzzzz_090326.az       Mon Mar  9 12:49:53 EDT 2026       3MB 
/home/narimon/aaaaaaaaaaaaaaaaaaaaaaz_090326/aaaaaaaaz_090326.az       Mon Mar  9 12:49:53 EDT 2026       3MB 
/home/narimon/aaaaaaaaaaaaaaaaaaaaaaz_090326/azzzzzzzzz_090326.az       Mon Mar  9 12:49:53 EDT 2026       3MB 
/home/narimon/aaaaaaaaaaaaaaaaaaaaaaz_090326/aaaaaaaaaaz_090326.az       Mon Mar  9 12:49:53 EDT 2026       3MB 
/home/narimon/aaaaaaaaaaaaaaaaaaaaaaz_090326/azzzzzzzzzzz_090326.az       Mon Mar  9 12:49:53 EDT 2026       3MB 
/home/narimon/aaaaaaaaaaaaaaaaaaaaaaz_090326/aaaaaaaaaaaaz_090326.az       Mon Mar  9 12:49:53 EDT 2026       3MB 
/home/narimon/aaaaaaaaaaaaaaaaaaaaaaz_090326/azzzzzzzzzzzzz_090326.az       Mon Mar  9 12:49:53 EDT 2026       3MB 
/tmp/azzzzzzzzzzz_090326       Mon Mar  9 12:49:53 EDT 2026
/tmp/azzzzzzzzzzz_090326/aaaaz_090326.az       Mon Mar  9 12:49:53 EDT 2026       3MB 
/tmp/azzzzzzzzzzz_090326/azzzzz_090326.az       Mon Mar  9 12:49:53 EDT 2026       3MB 
/tmp/azzzzzzzzzzz_090326/aaaaaaz_090326.az       Mon Mar  9 12:49:53 EDT 2026       3MB 
/tmp/azzzzzzzzzzz_090326/azzzzzzz_090326.az       Mon Mar  9 12:49:53 EDT 2026       3MB 
/tmp/azzzzzzzzzzz_090326/aaaaaaaaz_090326.az       Mon Mar  9 12:49:53 EDT 2026       3MB 
/tmp/azzzzzzzzzzz_090326/azzzzzzzzz_090326.az       Mon Mar  9 12:49:53 EDT 2026       3MB 
/tmp/azzzzzzzzzzz_090326/aaaaaaaaaaz_090326.az       Mon Mar  9 12:49:53 EDT 2026       3MB 
/tmp/azzzzzzzzzzz_090326/azzzzzzzzzzz_090326.az       Mon Mar  9 12:49:53 EDT 2026       3MB 
/tmp/azzzzzzzzzzz_090326/aaaaaaaaaaaaz_090326.az       Mon Mar  9 12:49:53 EDT 2026       3MB 
/tmp/azzzzzzzzzzz_090326/azzzzzzzzzzzzz_090326.az       Mon Mar  9 12:49:53 EDT 2026       3MB 
/home/narimon/azzzzzzzzzzzzzzzzzzzzzzz_090326       Mon Mar  9 12:49:53 EDT 2026
/home/narimon/azzzzzzzzzzzzzzzzzzzzzzz_090326/aaaaz_090326.az       Mon Mar  9 12:49:53 EDT 2026       3MB 
/home/narimon/azzzzzzzzzzzzzzzzzzzzzzz_090326/azzzzz_090326.az       Mon Mar  9 12:49:53 EDT 2026       3MB 
/home/narimon/azzzzzzzzzzzzzzzzzzzzzzz_090326/aaaaaaz_090326.az       Mon Mar  9 12:49:53 EDT 2026       3MB 
/home/narimon/azzzzzzzzzzzzzzzzzzzzzzz_090326/azzzzzzz_090326.az       Mon Mar  9 12:49:53 EDT 2026       3MB 
/home/narimon/azzzzzzzzzzzzzzzzzzzzzzz_090326/aaaaaaaaz_090326.az       Mon Mar  9 12:49:53 EDT 2026       3MB 
/home/narimon/azzzzzzzzzzzzzzzzzzzzzzz_090326/azzzzzzzzz_090326.az       Mon Mar  9 12:49:53 EDT 2026       3MB 
/home/narimon/azzzzzzzzzzzzzzzzzzzzzzz_090326/aaaaaaaaaaz_090326.az       Mon Mar  9 12:49:53 EDT 2026       3MB 
/home/narimon/azzzzzzzzzzzzzzzzzzzzzzz_090326/azzzzzzzzzzz_090326.az       Mon Mar  9 12:49:53 EDT 2026       3MB 
/home/narimon/azzzzzzzzzzzzzzzzzzzzzzz_090326/aaaaaaaaaaaaz_090326.az       Mon Mar  9 12:49:53 EDT 2026       3MB 
/home/narimon/azzzzzzzzzzzzzzzzzzzzzzz_090326/azzzzzzzzzzzzz_090326.az       Mon Mar  9 12:49:53 EDT 2026       3MB 
/tmp/aaaaaaaaaaaaz_090326       Mon Mar  9 12:49:53 EDT 2026
/tmp/aaaaaaaaaaaaz_090326/aaaaz_090326.az       Mon Mar  9 12:49:53 EDT 2026       3MB 
/tmp/aaaaaaaaaaaaz_090326/azzzzz_090326.az       Mon Mar  9 12:49:53 EDT 2026       3MB 
/tmp/aaaaaaaaaaaaz_090326/aaaaaaz_090326.az       Mon Mar  9 12:49:53 EDT 2026       3MB 
/tmp/aaaaaaaaaaaaz_090326/azzzzzzz_090326.az       Mon Mar  9 12:49:53 EDT 2026       3MB 
/tmp/aaaaaaaaaaaaz_090326/aaaaaaaaz_090326.az       Mon Mar  9 12:49:53 EDT 2026       3MB 
/tmp/aaaaaaaaaaaaz_090326/azzzzzzzzz_090326.az       Mon Mar  9 12:49:53 EDT 2026       3MB 
/tmp/aaaaaaaaaaaaz_090326/aaaaaaaaaaz_090326.az       Mon Mar  9 12:49:53 EDT 2026       3MB 
/tmp/aaaaaaaaaaaaz_090326/azzzzzzzzzzz_090326.az       Mon Mar  9 12:49:53 EDT 2026       3MB 
/tmp/aaaaaaaaaaaaz_090326/aaaaaaaaaaaaz_090326.az       Mon Mar  9 12:49:53 EDT 2026       3MB 
/tmp/aaaaaaaaaaaaz_090326/azzzzzzzzzzzzz_090326.az       Mon Mar  9 12:49:53 EDT 2026       3MB 
/var/tmp/aaaaaaaaaaaaaaaaaaaaaaaaz_090326       Mon Mar  9 12:49:53 EDT 2026
/var/tmp/aaaaaaaaaaaaaaaaaaaaaaaaz_090326/aaaaz_090326.az       Mon Mar  9 12:49:53 EDT 2026       3MB 
/var/tmp/aaaaaaaaaaaaaaaaaaaaaaaaz_090326/azzzzz_090326.az       Mon Mar  9 12:49:53 EDT 2026       3MB 
/var/tmp/aaaaaaaaaaaaaaaaaaaaaaaaz_090326/aaaaaaz_090326.az       Mon Mar  9 12:49:53 EDT 2026       3MB 
/var/tmp/aaaaaaaaaaaaaaaaaaaaaaaaz_090326/azzzzzzz_090326.az       Mon Mar  9 12:49:53 EDT 2026       3MB 
/var/tmp/aaaaaaaaaaaaaaaaaaaaaaaaz_090326/aaaaaaaaz_090326.az       Mon Mar  9 12:49:53 EDT 2026       3MB 
/var/tmp/aaaaaaaaaaaaaaaaaaaaaaaaz_090326/azzzzzzzzz_090326.az       Mon Mar  9 12:49:53 EDT 2026       3MB 
/var/tmp/aaaaaaaaaaaaaaaaaaaaaaaaz_090326/aaaaaaaaaaz_090326.az       Mon Mar  9 12:49:53 EDT 2026       3MB 
/var/tmp/aaaaaaaaaaaaaaaaaaaaaaaaz_090326/azzzzzzzzzzz_090326.az       Mon Mar  9 12:49:53 EDT 2026       3MB 
/var/tmp/aaaaaaaaaaaaaaaaaaaaaaaaz_090326/aaaaaaaaaaaaz_090326.az       Mon Mar  9 12:49:53 EDT 2026       3MB 
/var/tmp/aaaaaaaaaaaaaaaaaaaaaaaaz_090326/azzzzzzzzzzzzz_090326.az       Mon Mar  9 12:49:53 EDT 2026       3MB 
/var/tmp/azzzzzzzzzzzzzzzzzzzzzzzzz_090326       Mon Mar  9 12:49:53 EDT 2026
/var/tmp/azzzzzzzzzzzzzzzzzzzzzzzzz_090326/aaaaz_090326.az       Mon Mar  9 12:49:53 EDT 2026       3MB 
/var/tmp/azzzzzzzzzzzzzzzzzzzzzzzzz_090326/azzzzz_090326.az       Mon Mar  9 12:49:53 EDT 2026       3MB 
/var/tmp/azzzzzzzzzzzzzzzzzzzzzzzzz_090326/aaaaaaz_090326.az       Mon Mar  9 12:49:53 EDT 2026       3MB 
/var/tmp/azzzzzzzzzzzzzzzzzzzzzzzzz_090326/azzzzzzz_090326.az       Mon Mar  9 12:49:53 EDT 2026       3MB 
/var/tmp/azzzzzzzzzzzzzzzzzzzzzzzzz_090326/aaaaaaaaz_090326.az       Mon Mar  9 12:49:53 EDT 2026       3MB 
/var/tmp/azzzzzzzzzzzzzzzzzzzzzzzzz_090326/azzzzzzzzz_090326.az       Mon Mar  9 12:49:53 EDT 2026       3MB 
/var/tmp/azzzzzzzzzzzzzzzzzzzzzzzzz_090326/aaaaaaaaaaz_090326.az       Mon Mar  9 12:49:53 EDT 2026       3MB 
/var/tmp/azzzzzzzzzzzzzzzzzzzzzzzzz_090326/azzzzzzzzzzz_090326.az       Mon Mar  9 12:49:53 EDT 2026       3MB 
/var/tmp/azzzzzzzzzzzzzzzzzzzzzzzzz_090326/aaaaaaaaaaaaz_090326.az       Mon Mar  9 12:49:53 EDT 2026       3MB 
/var/tmp/azzzzzzzzzzzzzzzzzzzzzzzzz_090326/azzzzzzzzzzzzz_090326.az       Mon Mar  9 12:49:53 EDT 2026       3MB 
/home/narimon/aaaaaaaaaaaaaaaaaaaaaaaaz_090326       Mon Mar  9 12:49:53 EDT 2026
/home/narimon/aaaaaaaaaaaaaaaaaaaaaaaaz_090326/aaaaz_090326.az       Mon Mar  9 12:49:53 EDT 2026       3MB 
/home/narimon/aaaaaaaaaaaaaaaaaaaaaaaaz_090326/azzzzz_090326.az       Mon Mar  9 12:49:53 EDT 2026       3MB 
/home/narimon/aaaaaaaaaaaaaaaaaaaaaaaaz_090326/aaaaaaz_090326.az       Mon Mar  9 12:49:53 EDT 2026       3MB 
/home/narimon/aaaaaaaaaaaaaaaaaaaaaaaaz_090326/azzzzzzz_090326.az       Mon Mar  9 12:49:53 EDT 2026       3MB 
/home/narimon/aaaaaaaaaaaaaaaaaaaaaaaaz_090326/aaaaaaaaz_090326.az       Mon Mar  9 12:49:53 EDT 2026       3MB 
/home/narimon/aaaaaaaaaaaaaaaaaaaaaaaaz_090326/azzzzzzzzz_090326.az       Mon Mar  9 12:49:53 EDT 2026       3MB 
/home/narimon/aaaaaaaaaaaaaaaaaaaaaaaaz_090326/aaaaaaaaaaz_090326.az       Mon Mar  9 12:49:53 EDT 2026       3MB 
/home/narimon/aaaaaaaaaaaaaaaaaaaaaaaaz_090326/azzzzzzzzzzz_090326.az       Mon Mar  9 12:49:53 EDT 2026       3MB 
/home/narimon/aaaaaaaaaaaaaaaaaaaaaaaaz_090326/aaaaaaaaaaaaz_090326.az       Mon Mar  9 12:49:53 EDT 2026       3MB 
/home/narimon/aaaaaaaaaaaaaaaaaaaaaaaaz_090326/azzzzzzzzzzzzz_090326.az       Mon Mar  9 12:49:53 EDT 2026       3MB 
/var/tmp/aaaaaaaaaaaaaaaaaaaaaaaaaaz_090326       Mon Mar  9 12:49:53 EDT 2026
/var/tmp/aaaaaaaaaaaaaaaaaaaaaaaaaaz_090326/aaaaz_090326.az       Mon Mar  9 12:49:53 EDT 2026       3MB 
/var/tmp/aaaaaaaaaaaaaaaaaaaaaaaaaaz_090326/azzzzz_090326.az       Mon Mar  9 12:49:53 EDT 2026       3MB 
/var/tmp/aaaaaaaaaaaaaaaaaaaaaaaaaaz_090326/aaaaaaz_090326.az       Mon Mar  9 12:49:53 EDT 2026       3MB 
/var/tmp/aaaaaaaaaaaaaaaaaaaaaaaaaaz_090326/azzzzzzz_090326.az       Mon Mar  9 12:49:53 EDT 2026       3MB 
/var/tmp/aaaaaaaaaaaaaaaaaaaaaaaaaaz_090326/aaaaaaaaz_090326.az       Mon Mar  9 12:49:53 EDT 2026       3MB 
/var/tmp/aaaaaaaaaaaaaaaaaaaaaaaaaaz_090326/azzzzzzzzz_090326.az       Mon Mar  9 12:49:53 EDT 2026       3MB 
/var/tmp/aaaaaaaaaaaaaaaaaaaaaaaaaaz_090326/aaaaaaaaaaz_090326.az       Mon Mar  9 12:49:53 EDT 2026       3MB 
/var/tmp/aaaaaaaaaaaaaaaaaaaaaaaaaaz_090326/azzzzzzzzzzz_090326.az       Mon Mar  9 12:49:53 EDT 2026       3MB 
/var/tmp/aaaaaaaaaaaaaaaaaaaaaaaaaaz_090326/aaaaaaaaaaaaz_090326.az       Mon Mar  9 12:49:53 EDT 2026       3MB 
/var/tmp/aaaaaaaaaaaaaaaaaaaaaaaaaaz_090326/azzzzzzzzzzzzz_090326.az       Mon Mar  9 12:49:53 EDT 2026       3MB 
/var/tmp/azzzzzzzzzzzzzzzzzzzzzzzzzzz_090326       Mon Mar  9 12:49:53 EDT 2026
/var/tmp/azzzzzzzzzzzzzzzzzzzzzzzzzzz_090326/aaaaz_090326.az       Mon Mar  9 12:49:53 EDT 2026       3MB 
/var/tmp/azzzzzzzzzzzzzzzzzzzzzzzzzzz_090326/azzzzz_090326.az       Mon Mar  9 12:49:53 EDT 2026       3MB 
/var/tmp/azzzzzzzzzzzzzzzzzzzzzzzzzzz_090326/aaaaaaz_090326.az       Mon Mar  9 12:49:53 EDT 2026       3MB 
/var/tmp/azzzzzzzzzzzzzzzzzzzzzzzzzzz_090326/azzzzzzz_090326.az       Mon Mar  9 12:49:53 EDT 2026       3MB 
/var/tmp/azzzzzzzzzzzzzzzzzzzzzzzzzzz_090326/aaaaaaaaz_090326.az       Mon Mar  9 12:49:53 EDT 2026       3MB 
/var/tmp/azzzzzzzzzzzzzzzzzzzzzzzzzzz_090326/azzzzzzzzz_090326.az       Mon Mar  9 12:49:53 EDT 2026       3MB 
/var/tmp/azzzzzzzzzzzzzzzzzzzzzzzzzzz_090326/aaaaaaaaaaz_090326.az       Mon Mar  9 12:49:53 EDT 2026       3MB 
/var/tmp/azzzzzzzzzzzzzzzzzzzzzzzzzzz_090326/azzzzzzzzzzz_090326.az       Mon Mar  9 12:49:53 EDT 2026       3MB 
/var/tmp/azzzzzzzzzzzzzzzzzzzzzzzzzzz_090326/aaaaaaaaaaaaz_090326.az       Mon Mar  9 12:49:53 EDT 2026       3MB 
/var/tmp/azzzzzzzzzzzzzzzzzzzzzzzzzzz_090326/azzzzzzzzzzzzz_090326.az       Mon Mar  9 12:49:53 EDT 2026       3MB 
/tmp/azzzzzzzzzzzzz_090326       Mon Mar  9 12:49:53 EDT 2026
/tmp/azzzzzzzzzzzzz_090326/aaaaz_090326.az       Mon Mar  9 12:49:53 EDT 2026       3MB 
/tmp/azzzzzzzzzzzzz_090326/azzzzz_090326.az       Mon Mar  9 12:49:53 EDT 2026       3MB 
/tmp/azzzzzzzzzzzzz_090326/aaaaaaz_090326.az       Mon Mar  9 12:49:53 EDT 2026       3MB 
/tmp/azzzzzzzzzzzzz_090326/azzzzzzz_090326.az       Mon Mar  9 12:49:53 EDT 2026       3MB 
/tmp/azzzzzzzzzzzzz_090326/aaaaaaaaz_090326.az       Mon Mar  9 12:49:53 EDT 2026       3MB 
/tmp/azzzzzzzzzzzzz_090326/azzzzzzzzz_090326.az       Mon Mar  9 12:49:53 EDT 2026       3MB 
/tmp/azzzzzzzzzzzzz_090326/aaaaaaaaaaz_090326.az       Mon Mar  9 12:49:53 EDT 2026       3MB 
/tmp/azzzzzzzzzzzzz_090326/azzzzzzzzzzz_090326.az       Mon Mar  9 12:49:53 EDT 2026       3MB 
/tmp/azzzzzzzzzzzzz_090326/aaaaaaaaaaaaz_090326.az       Mon Mar  9 12:49:53 EDT 2026       3MB 
/tmp/azzzzzzzzzzzzz_090326/azzzzzzzzzzzzz_090326.az       Mon Mar  9 12:49:53 EDT 2026       3MB 
/tmp/aaaaaaaaaaaaaaz_090326       Mon Mar  9 12:49:54 EDT 2026
/tmp/aaaaaaaaaaaaaaz_090326/aaaaz_090326.az       Mon Mar  9 12:49:54 EDT 2026       3MB 
/tmp/aaaaaaaaaaaaaaz_090326/azzzzz_090326.az       Mon Mar  9 12:49:54 EDT 2026       3MB 
/tmp/aaaaaaaaaaaaaaz_090326/aaaaaaz_090326.az       Mon Mar  9 12:49:54 EDT 2026       3MB 
/tmp/aaaaaaaaaaaaaaz_090326/azzzzzzz_090326.az       Mon Mar  9 12:49:54 EDT 2026       3MB 
/tmp/aaaaaaaaaaaaaaz_090326/aaaaaaaaz_090326.az       Mon Mar  9 12:49:54 EDT 2026       3MB 
/tmp/aaaaaaaaaaaaaaz_090326/azzzzzzzzz_090326.az       Mon Mar  9 12:49:54 EDT 2026       3MB 
/tmp/aaaaaaaaaaaaaaz_090326/aaaaaaaaaaz_090326.az       Mon Mar  9 12:49:54 EDT 2026       3MB 
/tmp/aaaaaaaaaaaaaaz_090326/azzzzzzzzzzz_090326.az       Mon Mar  9 12:49:54 EDT 2026       3MB 
/tmp/aaaaaaaaaaaaaaz_090326/aaaaaaaaaaaaz_090326.az       Mon Mar  9 12:49:54 EDT 2026       3MB 
/tmp/aaaaaaaaaaaaaaz_090326/azzzzzzzzzzzzz_090326.az       Mon Mar  9 12:49:54 EDT 2026       3MB 
/home/narimon/azzzzzzzzzzzzzzzzzzzzzzzzz_090326       Mon Mar  9 12:49:54 EDT 2026
/home/narimon/azzzzzzzzzzzzzzzzzzzzzzzzz_090326/aaaaz_090326.az       Mon Mar  9 12:49:54 EDT 2026       3MB 
/home/narimon/azzzzzzzzzzzzzzzzzzzzzzzzz_090326/azzzzz_090326.az       Mon Mar  9 12:49:54 EDT 2026       3MB 
/home/narimon/azzzzzzzzzzzzzzzzzzzzzzzzz_090326/aaaaaaz_090326.az       Mon Mar  9 12:49:54 EDT 2026       3MB 
/home/narimon/azzzzzzzzzzzzzzzzzzzzzzzzz_090326/azzzzzzz_090326.az       Mon Mar  9 12:49:54 EDT 2026       3MB 
/home/narimon/azzzzzzzzzzzzzzzzzzzzzzzzz_090326/aaaaaaaaz_090326.az       Mon Mar  9 12:49:54 EDT 2026       3MB 
/home/narimon/azzzzzzzzzzzzzzzzzzzzzzzzz_090326/azzzzzzzzz_090326.az       Mon Mar  9 12:49:54 EDT 2026       3MB 
/home/narimon/azzzzzzzzzzzzzzzzzzzzzzzzz_090326/aaaaaaaaaaz_090326.az       Mon Mar  9 12:49:54 EDT 2026       3MB 
/home/narimon/azzzzzzzzzzzzzzzzzzzzzzzzz_090326/azzzzzzzzzzz_090326.az       Mon Mar  9 12:49:54 EDT 2026       3MB 
/home/narimon/azzzzzzzzzzzzzzzzzzzzzzzzz_090326/aaaaaaaaaaaaz_090326.az       Mon Mar  9 12:49:54 EDT 2026       3MB 
/home/narimon/azzzzzzzzzzzzzzzzzzzzzzzzz_090326/azzzzzzzzzzzzz_090326.az       Mon Mar  9 12:49:54 EDT 2026       3MB 
/home/narimon/aaaaaaaaaaaaaaaaaaaaaaaaaaz_090326       Mon Mar  9 12:49:54 EDT 2026
/home/narimon/aaaaaaaaaaaaaaaaaaaaaaaaaaz_090326/aaaaz_090326.az       Mon Mar  9 12:49:54 EDT 2026       3MB 
/home/narimon/aaaaaaaaaaaaaaaaaaaaaaaaaaz_090326/azzzzz_090326.az       Mon Mar  9 12:49:54 EDT 2026       3MB 
Start time: 2026-03-09 12:49:50
End time: 2026-03-09 12:49:54
Total running time: 00:00:04
Total running time in seconds: 4
